# gmm-acc-stats-ali exp/mono/38.mdl "ark,s,cs:apply-cmvn  --utt2spk=ark:data/train/split4/2/utt2spk scp:data/train/split4/2/cmvn.scp scp:data/train/split4/2/feats.scp ark:- | add-deltas  ark:- ark:- |" "ark:gunzip -c exp/mono/ali.2.gz|" exp/mono/38.2.acc 
# Started at Wed Apr  2 15:58:42 EEST 2025
#
gmm-acc-stats-ali exp/mono/38.mdl 'ark,s,cs:apply-cmvn  --utt2spk=ark:data/train/split4/2/utt2spk scp:data/train/split4/2/cmvn.scp scp:data/train/split4/2/feats.scp ark:- | add-deltas  ark:- ark:- |' 'ark:gunzip -c exp/mono/ali.2.gz|' exp/mono/38.2.acc 
apply-cmvn --utt2spk=ark:data/train/split4/2/utt2spk scp:data/train/split4/2/cmvn.scp scp:data/train/split4/2/feats.scp ark:- 
add-deltas ark:- ark:- 
WARNING (gmm-acc-stats-ali[5.5.1168~1-01aad]:main():gmm-acc-stats-ali.cc:79) No alignment for utterance f5_017
LOG (gmm-acc-stats-ali[5.5.1168~1-01aad]:main():gmm-acc-stats-ali.cc:105) Processed 50 utterances; for utterance f5_072 avg. like is -85.7353 over 410 frames.
WARNING (gmm-acc-stats-ali[5.5.1168~1-01aad]:main():gmm-acc-stats-ali.cc:79) No alignment for utterance f5_083
WARNING (gmm-acc-stats-ali[5.5.1168~1-01aad]:main():gmm-acc-stats-ali.cc:79) No alignment for utterance f5_084
LOG (gmm-acc-stats-ali[5.5.1168~1-01aad]:main():gmm-acc-stats-ali.cc:105) Processed 100 utterances; for utterance f5_144 avg. like is -84.674 over 594 frames.
WARNING (gmm-acc-stats-ali[5.5.1168~1-01aad]:main():gmm-acc-stats-ali.cc:79) No alignment for utterance f5_167
LOG (gmm-acc-stats-ali[5.5.1168~1-01aad]:main():gmm-acc-stats-ali.cc:105) Processed 150 utterances; for utterance f5_215 avg. like is -81.6689 over 281 frames.
LOG (gmm-acc-stats-ali[5.5.1168~1-01aad]:main():gmm-acc-stats-ali.cc:105) Processed 200 utterances; for utterance f5_284 avg. like is -82.6245 over 552 frames.
WARNING (gmm-acc-stats-ali[5.5.1168~1-01aad]:main():gmm-acc-stats-ali.cc:79) No alignment for utterance f5_354
WARNING (gmm-acc-stats-ali[5.5.1168~1-01aad]:main():gmm-acc-stats-ali.cc:79) No alignment for utterance f5_355
LOG (gmm-acc-stats-ali[5.5.1168~1-01aad]:main():gmm-acc-stats-ali.cc:105) Processed 250 utterances; for utterance f5_357 avg. like is -88.3959 over 558 frames.
LOG (gmm-acc-stats-ali[5.5.1168~1-01aad]:main():gmm-acc-stats-ali.cc:105) Processed 300 utterances; for utterance f5_425 avg. like is -85.5473 over 509 frames.
LOG (apply-cmvn[5.5.1168~1-01aad]:main():apply-cmvn.cc:162) Applied cepstral mean normalization to 331 utterances, errors on 0
LOG (gmm-acc-stats-ali[5.5.1168~1-01aad]:main():gmm-acc-stats-ali.cc:112) Done 325 files, 6 with errors.
LOG (gmm-acc-stats-ali[5.5.1168~1-01aad]:main():gmm-acc-stats-ali.cc:115) Overall avg like per frame (Gaussian only) = -84.518 over 147972 frames.
LOG (gmm-acc-stats-ali[5.5.1168~1-01aad]:main():gmm-acc-stats-ali.cc:123) Written accs.
# Accounting: time=1 threads=1
# Ended (code 0) at Wed Apr  2 15:58:43 EEST 2025, elapsed time 1 seconds
