# gmm-acc-stats-ali exp/mono/19.mdl "ark,s,cs:apply-cmvn  --utt2spk=ark:data/train/split4/2/utt2spk scp:data/train/split4/2/cmvn.scp scp:data/train/split4/2/feats.scp ark:- | add-deltas  ark:- ark:- |" "ark:gunzip -c exp/mono/ali.2.gz|" exp/mono/19.2.acc 
# Started at Wed Apr  2 15:57:30 EEST 2025
#
gmm-acc-stats-ali exp/mono/19.mdl 'ark,s,cs:apply-cmvn  --utt2spk=ark:data/train/split4/2/utt2spk scp:data/train/split4/2/cmvn.scp scp:data/train/split4/2/feats.scp ark:- | add-deltas  ark:- ark:- |' 'ark:gunzip -c exp/mono/ali.2.gz|' exp/mono/19.2.acc 
add-deltas ark:- ark:- 
apply-cmvn --utt2spk=ark:data/train/split4/2/utt2spk scp:data/train/split4/2/cmvn.scp scp:data/train/split4/2/feats.scp ark:- 
WARNING (gmm-acc-stats-ali[5.5.1168~1-01aad]:main():gmm-acc-stats-ali.cc:79) No alignment for utterance f5_069
LOG (gmm-acc-stats-ali[5.5.1168~1-01aad]:main():gmm-acc-stats-ali.cc:105) Processed 50 utterances; for utterance f5_072 avg. like is -86.4291 over 410 frames.
WARNING (gmm-acc-stats-ali[5.5.1168~1-01aad]:main():gmm-acc-stats-ali.cc:79) No alignment for utterance f5_083
WARNING (gmm-acc-stats-ali[5.5.1168~1-01aad]:main():gmm-acc-stats-ali.cc:79) No alignment for utterance f5_084
LOG (gmm-acc-stats-ali[5.5.1168~1-01aad]:main():gmm-acc-stats-ali.cc:105) Processed 100 utterances; for utterance f5_144 avg. like is -86.2091 over 594 frames.
WARNING (gmm-acc-stats-ali[5.5.1168~1-01aad]:main():gmm-acc-stats-ali.cc:79) No alignment for utterance f5_167
LOG (gmm-acc-stats-ali[5.5.1168~1-01aad]:main():gmm-acc-stats-ali.cc:105) Processed 150 utterances; for utterance f5_215 avg. like is -83.2333 over 281 frames.
WARNING (gmm-acc-stats-ali[5.5.1168~1-01aad]:main():gmm-acc-stats-ali.cc:79) No alignment for utterance f5_263
LOG (gmm-acc-stats-ali[5.5.1168~1-01aad]:main():gmm-acc-stats-ali.cc:105) Processed 200 utterances; for utterance f5_285 avg. like is -82.8195 over 434 frames.
WARNING (gmm-acc-stats-ali[5.5.1168~1-01aad]:main():gmm-acc-stats-ali.cc:79) No alignment for utterance f5_353
WARNING (gmm-acc-stats-ali[5.5.1168~1-01aad]:main():gmm-acc-stats-ali.cc:79) No alignment for utterance f5_354
WARNING (gmm-acc-stats-ali[5.5.1168~1-01aad]:main():gmm-acc-stats-ali.cc:79) No alignment for utterance f5_355
LOG (gmm-acc-stats-ali[5.5.1168~1-01aad]:main():gmm-acc-stats-ali.cc:105) Processed 250 utterances; for utterance f5_359 avg. like is -84.7801 over 394 frames.
LOG (gmm-acc-stats-ali[5.5.1168~1-01aad]:main():gmm-acc-stats-ali.cc:105) Processed 300 utterances; for utterance f5_429 avg. like is -80.0806 over 411 frames.
LOG (apply-cmvn[5.5.1168~1-01aad]:main():apply-cmvn.cc:162) Applied cepstral mean normalization to 331 utterances, errors on 0
LOG (gmm-acc-stats-ali[5.5.1168~1-01aad]:main():gmm-acc-stats-ali.cc:112) Done 323 files, 8 with errors.
LOG (gmm-acc-stats-ali[5.5.1168~1-01aad]:main():gmm-acc-stats-ali.cc:115) Overall avg like per frame (Gaussian only) = -85.9273 over 147152 frames.
LOG (gmm-acc-stats-ali[5.5.1168~1-01aad]:main():gmm-acc-stats-ali.cc:123) Written accs.
# Accounting: time=1 threads=1
# Ended (code 0) at Wed Apr  2 15:57:31 EEST 2025, elapsed time 1 seconds
