# compile-train-graphs --read-disambig-syms=data/lang/phones/disambig.int exp/mono/tree exp/mono/0.mdl data/lang/L.fst "ark:sym2int.pl --map-oov 2 -f 2- data/lang/words.txt < data/train/split4/4/text|" "ark:|gzip -c >exp/mono/fsts.4.gz" 
# Started at Wed Apr  2 15:54:58 EEST 2025
#
compile-train-graphs --read-disambig-syms=data/lang/phones/disambig.int exp/mono/tree exp/mono/0.mdl data/lang/L.fst 'ark:sym2int.pl --map-oov 2 -f 2- data/lang/words.txt < data/train/split4/4/text|' 'ark:|gzip -c >exp/mono/fsts.4.gz' 
sym2int.pl: replacing sil with 2
sym2int.pl: replacing sil with 2
sym2int.pl: replacing sil with 2
sym2int.pl: replacing sil with 2
sym2int.pl: replacing sil with 2
sym2int.pl: replacing sil with 2
sym2int.pl: replacing sil with 2
sym2int.pl: replacing sil with 2
sym2int.pl: replacing sil with 2
sym2int.pl: replacing sil with 2
sym2int.pl: replacing sil with 2
sym2int.pl: replacing sil with 2
sym2int.pl: replacing sil with 2
sym2int.pl: replacing sil with 2
sym2int.pl: replacing sil with 2
sym2int.pl: replacing sil with 2
sym2int.pl: replacing sil with 2
sym2int.pl: replacing sil with 2
sym2int.pl: replacing sil with 2
sym2int.pl: replacing sil with 2
sym2int.pl: not warning for OOVs any more times
** Replaced 662 instances of OOVs with 2
LOG (compile-train-graphs[5.5.1168~1-01aad]:main():compile-train-graphs.cc:147) compile-train-graphs: succeeded for 331 graphs, failed for 0
# Accounting: time=2 threads=1
# Ended (code 0) at Wed Apr  2 15:55:00 EEST 2025, elapsed time 2 seconds
