# gmm-est --write-occs=exp/mono/4.occs --mix-up=186 --power=0.25 exp/mono/3.mdl "gmm-sum-accs - exp/mono/3.*.acc|" exp/mono/4.mdl 
# Started at Wed Apr  2 15:56:07 EEST 2025
#
gmm-est --write-occs=exp/mono/4.occs --mix-up=186 --power=0.25 exp/mono/3.mdl 'gmm-sum-accs - exp/mono/3.*.acc|' exp/mono/4.mdl 
gmm-sum-accs - exp/mono/3.1.acc exp/mono/3.2.acc exp/mono/3.3.acc exp/mono/3.4.acc 
LOG (gmm-sum-accs[5.5.1168~1-01aad]:main():gmm-sum-accs.cc:63) Summed 4 stats, total count 599423, avg like/frame -88.2748
LOG (gmm-sum-accs[5.5.1168~1-01aad]:main():gmm-sum-accs.cc:66) Total count of stats is 599423
LOG (gmm-sum-accs[5.5.1168~1-01aad]:main():gmm-sum-accs.cc:67) Written stats to -
LOG (gmm-est[5.5.1168~1-01aad]:MleUpdate():transition-model.cc:528) TransitionModel::Update, objf change is 0.00842997 per frame over 599423 frames. 
LOG (gmm-est[5.5.1168~1-01aad]:MleUpdate():transition-model.cc:531) 8 probabilities floored, 392 out of 517 transition-states skipped due to insuffient data (it is normal to have some skipped.)
LOG (gmm-est[5.5.1168~1-01aad]:main():gmm-est.cc:102) Transition model update: Overall 0.00842997 log-like improvement per frame over 599423 frames.
WARNING (gmm-est[5.5.1168~1-01aad]:MleDiagGmmUpdate():mle-diag-gmm.cc:365) Gaussian has too little data but not removing it because it is the last Gaussian: i = 0, occ = 0, weight = 1
WARNING (gmm-est[5.5.1168~1-01aad]:MleDiagGmmUpdate():mle-diag-gmm.cc:365) Gaussian has too little data but not removing it because it is the last Gaussian: i = 0, occ = 0, weight = 1
WARNING (gmm-est[5.5.1168~1-01aad]:MleDiagGmmUpdate():mle-diag-gmm.cc:365) Gaussian has too little data but not removing it because it is the last Gaussian: i = 0, occ = 0, weight = 1
LOG (gmm-est[5.5.1168~1-01aad]:MleAmDiagGmmUpdate():mle-am-diag-gmm.cc:225) 0 variance elements floored in 0 Gaussians, out of 157
LOG (gmm-est[5.5.1168~1-01aad]:MleAmDiagGmmUpdate():mle-am-diag-gmm.cc:229) Removed 0 Gaussians due to counts < --min-gaussian-occupancy=10 and --remove-low-count-gaussians=true
LOG (gmm-est[5.5.1168~1-01aad]:main():gmm-est.cc:113) GMM update: Overall 0.335095 objective function improvement per frame over 599423 frames
LOG (gmm-est[5.5.1168~1-01aad]:main():gmm-est.cc:116) GMM update: Overall avg like per frame = -88.2748 over 599423 frames.
LOG (gmm-est[5.5.1168~1-01aad]:SplitByCount():am-diag-gmm.cc:116) Split 128 states with target = 186, power = 0.25, perturb_factor = 0.01 and min_count = 20, split #Gauss from 157 to 186
LOG (gmm-est[5.5.1168~1-01aad]:main():gmm-est.cc:146) Written model to exp/mono/4.mdl
# Accounting: time=0 threads=1
# Ended (code 0) at Wed Apr  2 15:56:07 EEST 2025, elapsed time 0 seconds
