# gmm-est --write-occs=exp/mono/19.occs --mix-up=621 --power=0.25 exp/mono/18.mdl "gmm-sum-accs - exp/mono/18.*.acc|" exp/mono/19.mdl 
# Started at Wed Apr  2 15:57:30 EEST 2025
#
gmm-est --write-occs=exp/mono/19.occs --mix-up=621 --power=0.25 exp/mono/18.mdl 'gmm-sum-accs - exp/mono/18.*.acc|' exp/mono/19.mdl 
gmm-sum-accs - exp/mono/18.1.acc exp/mono/18.2.acc exp/mono/18.3.acc exp/mono/18.4.acc 
LOG (gmm-sum-accs[5.5.1168~1-01aad]:main():gmm-sum-accs.cc:63) Summed 4 stats, total count 595631, avg like/frame -83.8534
LOG (gmm-sum-accs[5.5.1168~1-01aad]:main():gmm-sum-accs.cc:66) Total count of stats is 595631
LOG (gmm-sum-accs[5.5.1168~1-01aad]:main():gmm-sum-accs.cc:67) Written stats to -
LOG (gmm-est[5.5.1168~1-01aad]:MleUpdate():transition-model.cc:528) TransitionModel::Update, objf change is 0.000187517 per frame over 595631 frames. 
LOG (gmm-est[5.5.1168~1-01aad]:MleUpdate():transition-model.cc:531) 7 probabilities floored, 392 out of 517 transition-states skipped due to insuffient data (it is normal to have some skipped.)
LOG (gmm-est[5.5.1168~1-01aad]:main():gmm-est.cc:102) Transition model update: Overall 0.000187517 log-like improvement per frame over 595631 frames.
WARNING (gmm-est[5.5.1168~1-01aad]:MleDiagGmmUpdate():mle-diag-gmm.cc:365) Gaussian has too little data but not removing it because it is the last Gaussian: i = 0, occ = 0, weight = 1
WARNING (gmm-est[5.5.1168~1-01aad]:MleDiagGmmUpdate():mle-diag-gmm.cc:365) Gaussian has too little data but not removing it because it is the last Gaussian: i = 0, occ = 0, weight = 1
WARNING (gmm-est[5.5.1168~1-01aad]:MleDiagGmmUpdate():mle-diag-gmm.cc:365) Gaussian has too little data but not removing it because it is the last Gaussian: i = 0, occ = 0, weight = 1
LOG (gmm-est[5.5.1168~1-01aad]:MleAmDiagGmmUpdate():mle-am-diag-gmm.cc:225) 0 variance elements floored in 0 Gaussians, out of 592
LOG (gmm-est[5.5.1168~1-01aad]:MleAmDiagGmmUpdate():mle-am-diag-gmm.cc:229) Removed 0 Gaussians due to counts < --min-gaussian-occupancy=10 and --remove-low-count-gaussians=true
LOG (gmm-est[5.5.1168~1-01aad]:main():gmm-est.cc:113) GMM update: Overall 0.0789251 objective function improvement per frame over 595631 frames
LOG (gmm-est[5.5.1168~1-01aad]:main():gmm-est.cc:116) GMM update: Overall avg like per frame = -83.8534 over 595631 frames.
LOG (gmm-est[5.5.1168~1-01aad]:SplitByCount():am-diag-gmm.cc:116) Split 128 states with target = 621, power = 0.25, perturb_factor = 0.01 and min_count = 20, split #Gauss from 592 to 621
LOG (gmm-est[5.5.1168~1-01aad]:main():gmm-est.cc:146) Written model to exp/mono/19.mdl
# Accounting: time=0 threads=1
# Ended (code 0) at Wed Apr  2 15:57:30 EEST 2025, elapsed time 0 seconds
