# gmm-acc-stats-ali exp/tri_deltas/28.mdl "ark,s,cs:apply-cmvn  --utt2spk=ark:data/train/split4/2/utt2spk scp:data/train/split4/2/cmvn.scp scp:data/train/split4/2/feats.scp ark:- | add-deltas  ark:- ark:- |" "ark,s,cs:gunzip -c exp/tri_deltas/ali.2.gz|" exp/tri_deltas/28.2.acc 
# Started at Thu Apr  3 13:57:51 EEST 2025
#
gmm-acc-stats-ali exp/tri_deltas/28.mdl 'ark,s,cs:apply-cmvn  --utt2spk=ark:data/train/split4/2/utt2spk scp:data/train/split4/2/cmvn.scp scp:data/train/split4/2/feats.scp ark:- | add-deltas  ark:- ark:- |' 'ark,s,cs:gunzip -c exp/tri_deltas/ali.2.gz|' exp/tri_deltas/28.2.acc 
apply-cmvn --utt2spk=ark:data/train/split4/2/utt2spk scp:data/train/split4/2/cmvn.scp scp:data/train/split4/2/feats.scp ark:- 
add-deltas ark:- ark:- 
WARNING (gmm-acc-stats-ali[5.5.1168~1-01aad]:main():gmm-acc-stats-ali.cc:79) No alignment for utterance f5_017
LOG (gmm-acc-stats-ali[5.5.1168~1-01aad]:main():gmm-acc-stats-ali.cc:105) Processed 50 utterances; for utterance f5_072 avg. like is -80.5617 over 410 frames.
WARNING (gmm-acc-stats-ali[5.5.1168~1-01aad]:main():gmm-acc-stats-ali.cc:79) No alignment for utterance f5_083
WARNING (gmm-acc-stats-ali[5.5.1168~1-01aad]:main():gmm-acc-stats-ali.cc:79) No alignment for utterance f5_084
LOG (gmm-acc-stats-ali[5.5.1168~1-01aad]:main():gmm-acc-stats-ali.cc:105) Processed 100 utterances; for utterance f5_144 avg. like is -79.9247 over 594 frames.
WARNING (gmm-acc-stats-ali[5.5.1168~1-01aad]:main():gmm-acc-stats-ali.cc:79) No alignment for utterance f5_167
LOG (gmm-acc-stats-ali[5.5.1168~1-01aad]:main():gmm-acc-stats-ali.cc:105) Processed 150 utterances; for utterance f5_215 avg. like is -76.5821 over 281 frames.
WARNING (gmm-acc-stats-ali[5.5.1168~1-01aad]:main():gmm-acc-stats-ali.cc:79) No alignment for utterance f5_263
LOG (gmm-acc-stats-ali[5.5.1168~1-01aad]:main():gmm-acc-stats-ali.cc:105) Processed 200 utterances; for utterance f5_285 avg. like is -76.2106 over 434 frames.
WARNING (gmm-acc-stats-ali[5.5.1168~1-01aad]:main():gmm-acc-stats-ali.cc:79) No alignment for utterance f5_354
WARNING (gmm-acc-stats-ali[5.5.1168~1-01aad]:main():gmm-acc-stats-ali.cc:79) No alignment for utterance f5_355
LOG (gmm-acc-stats-ali[5.5.1168~1-01aad]:main():gmm-acc-stats-ali.cc:105) Processed 250 utterances; for utterance f5_358 avg. like is -77.5643 over 414 frames.
LOG (gmm-acc-stats-ali[5.5.1168~1-01aad]:main():gmm-acc-stats-ali.cc:105) Processed 300 utterances; for utterance f5_428 avg. like is -78.954 over 592 frames.
LOG (apply-cmvn[5.5.1168~1-01aad]:main():apply-cmvn.cc:162) Applied cepstral mean normalization to 331 utterances, errors on 0
LOG (gmm-acc-stats-ali[5.5.1168~1-01aad]:main():gmm-acc-stats-ali.cc:112) Done 324 files, 7 with errors.
LOG (gmm-acc-stats-ali[5.5.1168~1-01aad]:main():gmm-acc-stats-ali.cc:115) Overall avg like per frame (Gaussian only) = -79.7514 over 147665 frames.
LOG (gmm-acc-stats-ali[5.5.1168~1-01aad]:main():gmm-acc-stats-ali.cc:123) Written accs.
# Accounting: time=2 threads=1
# Ended (code 0) at Thu Apr  3 13:57:53 EEST 2025, elapsed time 2 seconds
