# build-tree --verbose=1 --max-leaves=3000 --cluster-thresh=-1 exp/tri_deltas/treeacc data/lang/phones/roots.int exp/tri_deltas/questions.qst data/lang/topo exp/tri_deltas/tree 
# Started at Thu Apr  3 13:56:33 EEST 2025
#
build-tree --verbose=1 --max-leaves=3000 --cluster-thresh=-1 exp/tri_deltas/treeacc data/lang/phones/roots.int exp/tri_deltas/questions.qst data/lang/topo exp/tri_deltas/tree 
LOG (build-tree[5.5.1168~1-01aad]:main():build-tree.cc:104) Number of separate statistics is 17528
LOG (build-tree[5.5.1168~1-01aad]:BuildTree():build-tree.cc:161) BuildTree: before building trees, map has 42 leaves.
LOG (build-tree[5.5.1168~1-01aad]:SplitDecisionTree():build-tree-utils.cc:575) DoDecisionTreeSplit: split 1223 times, #leaves now 1265
LOG (build-tree[5.5.1168~1-01aad]:BuildTree():build-tree.cc:187) Setting clustering threshold to smallest split 300.088
VLOG[1] (build-tree[5.5.1168~1-01aad]:BuildTree():build-tree.cc:196) After decision tree split, num-leaves = 1265, like-impr = 4.52522 per frame over 596451 frames.
VLOG[1] (build-tree[5.5.1168~1-01aad]:BuildTree():build-tree.cc:200) Including just phones that were split, improvement is 4.52522 per frame over 596451 frames.
LOG (build-tree[5.5.1168~1-01aad]:BuildTree():build-tree.cc:215) BuildTree: removed 290 leaves.
VLOG[1] (build-tree[5.5.1168~1-01aad]:ClusterEventMapToNClustersRestrictedByMap():build-tree-utils.cc:912) Number of non-empty clusters in map = 41
VLOG[1] (build-tree[5.5.1168~1-01aad]:ClusterEventMapToNClustersRestrictedByMap():build-tree-utils.cc:913) Number of non-empty clusters = 974
LOG (build-tree[5.5.1168~1-01aad]:BuildTree():build-tree.cc:231) BuildTree: Rounded num leaves to multiple of 8 by removing 7 leaves.
VLOG[1] (build-tree[5.5.1168~1-01aad]:BuildTree():build-tree.cc:256) Objf change due to clustering -0.103955 per frame.
VLOG[1] (build-tree[5.5.1168~1-01aad]:BuildTree():build-tree.cc:259) Normalizing over only split phones, this is: -0.103955 per frame.
VLOG[1] (build-tree[5.5.1168~1-01aad]:BuildTree():build-tree.cc:262) Num-leaves is now 968
VLOG[1] (build-tree[5.5.1168~1-01aad]:main():build-tree.cc:143) For pdf-id 1, low count 0
VLOG[1] (build-tree[5.5.1168~1-01aad]:main():build-tree.cc:143) For pdf-id 11, low count 62
VLOG[1] (build-tree[5.5.1168~1-01aad]:main():build-tree.cc:143) For pdf-id 35, low count 94
VLOG[1] (build-tree[5.5.1168~1-01aad]:main():build-tree.cc:143) For pdf-id 59, low count 84
VLOG[1] (build-tree[5.5.1168~1-01aad]:main():build-tree.cc:143) For pdf-id 60, low count 62
VLOG[1] (build-tree[5.5.1168~1-01aad]:main():build-tree.cc:143) For pdf-id 81, low count 55
VLOG[1] (build-tree[5.5.1168~1-01aad]:main():build-tree.cc:143) For pdf-id 90, low count 82
VLOG[1] (build-tree[5.5.1168~1-01aad]:main():build-tree.cc:143) For pdf-id 102, low count 24
VLOG[1] (build-tree[5.5.1168~1-01aad]:main():build-tree.cc:143) For pdf-id 109, low count 93
VLOG[1] (build-tree[5.5.1168~1-01aad]:main():build-tree.cc:143) For pdf-id 125, low count 98
VLOG[1] (build-tree[5.5.1168~1-01aad]:main():build-tree.cc:143) For pdf-id 126, low count 85
VLOG[1] (build-tree[5.5.1168~1-01aad]:main():build-tree.cc:143) For pdf-id 129, low count 59
VLOG[1] (build-tree[5.5.1168~1-01aad]:main():build-tree.cc:143) For pdf-id 131, low count 93
VLOG[1] (build-tree[5.5.1168~1-01aad]:main():build-tree.cc:143) For pdf-id 133, low count 53
VLOG[1] (build-tree[5.5.1168~1-01aad]:main():build-tree.cc:143) For pdf-id 147, low count 92
VLOG[1] (build-tree[5.5.1168~1-01aad]:main():build-tree.cc:143) For pdf-id 158, low count 91
VLOG[1] (build-tree[5.5.1168~1-01aad]:main():build-tree.cc:143) For pdf-id 167, low count 61
VLOG[1] (build-tree[5.5.1168~1-01aad]:main():build-tree.cc:143) For pdf-id 173, low count 55
VLOG[1] (build-tree[5.5.1168~1-01aad]:main():build-tree.cc:143) For pdf-id 177, low count 84
VLOG[1] (build-tree[5.5.1168~1-01aad]:main():build-tree.cc:143) For pdf-id 190, low count 83
VLOG[1] (build-tree[5.5.1168~1-01aad]:main():build-tree.cc:143) For pdf-id 201, low count 11
VLOG[1] (build-tree[5.5.1168~1-01aad]:main():build-tree.cc:143) For pdf-id 206, low count 91
VLOG[1] (build-tree[5.5.1168~1-01aad]:main():build-tree.cc:143) For pdf-id 214, low count 49
VLOG[1] (build-tree[5.5.1168~1-01aad]:main():build-tree.cc:143) For pdf-id 216, low count 99
VLOG[1] (build-tree[5.5.1168~1-01aad]:main():build-tree.cc:143) For pdf-id 235, low count 54
VLOG[1] (build-tree[5.5.1168~1-01aad]:main():build-tree.cc:143) For pdf-id 248, low count 40
VLOG[1] (build-tree[5.5.1168~1-01aad]:main():build-tree.cc:143) For pdf-id 275, low count 41
VLOG[1] (build-tree[5.5.1168~1-01aad]:main():build-tree.cc:143) For pdf-id 276, low count 95
VLOG[1] (build-tree[5.5.1168~1-01aad]:main():build-tree.cc:143) For pdf-id 277, low count 73
VLOG[1] (build-tree[5.5.1168~1-01aad]:main():build-tree.cc:143) For pdf-id 296, low count 75
VLOG[1] (build-tree[5.5.1168~1-01aad]:main():build-tree.cc:143) For pdf-id 298, low count 77
VLOG[1] (build-tree[5.5.1168~1-01aad]:main():build-tree.cc:143) For pdf-id 300, low count 78
VLOG[1] (build-tree[5.5.1168~1-01aad]:main():build-tree.cc:143) For pdf-id 319, low count 99
VLOG[1] (build-tree[5.5.1168~1-01aad]:main():build-tree.cc:143) For pdf-id 329, low count 38
VLOG[1] (build-tree[5.5.1168~1-01aad]:main():build-tree.cc:143) For pdf-id 345, low count 33
VLOG[1] (build-tree[5.5.1168~1-01aad]:main():build-tree.cc:143) For pdf-id 352, low count 79
VLOG[1] (build-tree[5.5.1168~1-01aad]:main():build-tree.cc:143) For pdf-id 354, low count 99
VLOG[1] (build-tree[5.5.1168~1-01aad]:main():build-tree.cc:143) For pdf-id 360, low count 9
VLOG[1] (build-tree[5.5.1168~1-01aad]:main():build-tree.cc:143) For pdf-id 365, low count 65
VLOG[1] (build-tree[5.5.1168~1-01aad]:main():build-tree.cc:143) For pdf-id 368, low count 94
VLOG[1] (build-tree[5.5.1168~1-01aad]:main():build-tree.cc:143) For pdf-id 391, low count 67
VLOG[1] (build-tree[5.5.1168~1-01aad]:main():build-tree.cc:143) For pdf-id 401, low count 93
VLOG[1] (build-tree[5.5.1168~1-01aad]:main():build-tree.cc:143) For pdf-id 413, low count 92
VLOG[1] (build-tree[5.5.1168~1-01aad]:main():build-tree.cc:143) For pdf-id 427, low count 54
VLOG[1] (build-tree[5.5.1168~1-01aad]:main():build-tree.cc:143) For pdf-id 435, low count 80
VLOG[1] (build-tree[5.5.1168~1-01aad]:main():build-tree.cc:143) For pdf-id 444, low count 91
VLOG[1] (build-tree[5.5.1168~1-01aad]:main():build-tree.cc:143) For pdf-id 479, low count 72
VLOG[1] (build-tree[5.5.1168~1-01aad]:main():build-tree.cc:143) For pdf-id 496, low count 92
VLOG[1] (build-tree[5.5.1168~1-01aad]:main():build-tree.cc:143) For pdf-id 508, low count 96
VLOG[1] (build-tree[5.5.1168~1-01aad]:main():build-tree.cc:143) For pdf-id 517, low count 94
VLOG[1] (build-tree[5.5.1168~1-01aad]:main():build-tree.cc:143) For pdf-id 535, low count 75
VLOG[1] (build-tree[5.5.1168~1-01aad]:main():build-tree.cc:143) For pdf-id 538, low count 11
VLOG[1] (build-tree[5.5.1168~1-01aad]:main():build-tree.cc:143) For pdf-id 540, low count 99
VLOG[1] (build-tree[5.5.1168~1-01aad]:main():build-tree.cc:143) For pdf-id 556, low count 94
VLOG[1] (build-tree[5.5.1168~1-01aad]:main():build-tree.cc:143) For pdf-id 580, low count 74
VLOG[1] (build-tree[5.5.1168~1-01aad]:main():build-tree.cc:143) For pdf-id 594, low count 56
VLOG[1] (build-tree[5.5.1168~1-01aad]:main():build-tree.cc:143) For pdf-id 629, low count 72
VLOG[1] (build-tree[5.5.1168~1-01aad]:main():build-tree.cc:143) For pdf-id 641, low count 89
VLOG[1] (build-tree[5.5.1168~1-01aad]:main():build-tree.cc:143) For pdf-id 661, low count 77
VLOG[1] (build-tree[5.5.1168~1-01aad]:main():build-tree.cc:143) For pdf-id 662, low count 70
VLOG[1] (build-tree[5.5.1168~1-01aad]:main():build-tree.cc:143) For pdf-id 688, low count 80
VLOG[1] (build-tree[5.5.1168~1-01aad]:main():build-tree.cc:143) For pdf-id 715, low count 58
VLOG[1] (build-tree[5.5.1168~1-01aad]:main():build-tree.cc:143) For pdf-id 735, low count 92
VLOG[1] (build-tree[5.5.1168~1-01aad]:main():build-tree.cc:143) For pdf-id 742, low count 65
VLOG[1] (build-tree[5.5.1168~1-01aad]:main():build-tree.cc:143) For pdf-id 765, low count 80
VLOG[1] (build-tree[5.5.1168~1-01aad]:main():build-tree.cc:143) For pdf-id 778, low count 93
VLOG[1] (build-tree[5.5.1168~1-01aad]:main():build-tree.cc:143) For pdf-id 820, low count 50
VLOG[1] (build-tree[5.5.1168~1-01aad]:main():build-tree.cc:143) For pdf-id 840, low count 74
VLOG[1] (build-tree[5.5.1168~1-01aad]:main():build-tree.cc:143) For pdf-id 855, low count 85
WARNING (build-tree[5.5.1168~1-01aad]:main():build-tree.cc:185) Saw no stats for following phones: 2 3 4 5 6 7 8 9 10 11 12 14 15 16 18 19 20 22 23 24 26 27 28 30 31 32 34 35 36 38 39 40 42 43 44 46 47 48 50 51 52 54 55 56 58 59 60 62 63 64 66 67 68 70 71 72 74 75 76 78 79 80 82 83 84 86 87 88 90 91 92 94 95 96 98 99 100 102 103 104 106 107 108 110 111 112 114 115 116 118 119 120 122 123 124 126 127 128 130 131 132 134 135 136 138 139 140 142 143 144 146 147 148 150 151 152 154 155 156 158 159 160 162 163 164 166 167 168 
LOG (build-tree[5.5.1168~1-01aad]:main():build-tree.cc:189) Wrote tree
# Accounting: time=3 threads=1
# Ended (code 0) at Thu Apr  3 13:56:36 EEST 2025, elapsed time 3 seconds
