# gmm-est --mix-up=9720 --power=0.25 --write-occs=exp/tri_deltas/16.occs exp/tri_deltas/15.mdl "gmm-sum-accs - exp/tri_deltas/15.*.acc |" exp/tri_deltas/16.mdl 
# Started at Thu Apr  3 13:57:18 EEST 2025
#
gmm-est --mix-up=9720 --power=0.25 --write-occs=exp/tri_deltas/16.occs exp/tri_deltas/15.mdl 'gmm-sum-accs - exp/tri_deltas/15.*.acc |' exp/tri_deltas/16.mdl 
gmm-sum-accs - exp/tri_deltas/15.1.acc exp/tri_deltas/15.2.acc exp/tri_deltas/15.3.acc exp/tri_deltas/15.4.acc 
LOG (gmm-sum-accs[5.5.1168~1-01aad]:main():gmm-sum-accs.cc:63) Summed 4 stats, total count 596144, avg like/frame -79.385
LOG (gmm-sum-accs[5.5.1168~1-01aad]:main():gmm-sum-accs.cc:66) Total count of stats is 596144
LOG (gmm-sum-accs[5.5.1168~1-01aad]:main():gmm-sum-accs.cc:67) Written stats to -
LOG (gmm-est[5.5.1168~1-01aad]:MleUpdate():transition-model.cc:528) TransitionModel::Update, objf change is 0 per frame over 596144 frames. 
LOG (gmm-est[5.5.1168~1-01aad]:MleUpdate():transition-model.cc:531) 69 probabilities floored, 3200 out of 4261 transition-states skipped due to insuffient data (it is normal to have some skipped.)
LOG (gmm-est[5.5.1168~1-01aad]:main():gmm-est.cc:102) Transition model update: Overall 0 log-like improvement per frame over 596144 frames.
WARNING (gmm-est[5.5.1168~1-01aad]:MleDiagGmmUpdate():mle-diag-gmm.cc:365) Gaussian has too little data but not removing it because it is the last Gaussian: i = 0, occ = 0, weight = 1
WARNING (gmm-est[5.5.1168~1-01aad]:MleDiagGmmUpdate():mle-diag-gmm.cc:365) Gaussian has too little data but not removing it because it is the last Gaussian: i = 0, occ = 9, weight = 1
WARNING (gmm-est[5.5.1168~1-01aad]:MleDiagGmmUpdate():mle-diag-gmm.cc:359) Too little data - removing Gaussian (weight 0.023447, occupation count 9.542945, vector size 39)
WARNING (gmm-est[5.5.1168~1-01aad]:MleDiagGmmUpdate():mle-diag-gmm.cc:365) Gaussian has too little data but not removing it because it is the last Gaussian: i = 0, occ = 10, weight = 1
WARNING (gmm-est[5.5.1168~1-01aad]:MleDiagGmmUpdate():mle-diag-gmm.cc:359) Too little data - removing Gaussian (weight 0.045663, occupation count 9.908894, vector size 39)
WARNING (gmm-est[5.5.1168~1-01aad]:MleDiagGmmUpdate():mle-diag-gmm.cc:359) Too little data - removing Gaussian (weight 0.043082, occupation count 9.994928, vector size 39)
LOG (gmm-est[5.5.1168~1-01aad]:MleAmDiagGmmUpdate():mle-am-diag-gmm.cc:225) 0 variance elements floored in 0 Gaussians, out of 9242
LOG (gmm-est[5.5.1168~1-01aad]:MleAmDiagGmmUpdate():mle-am-diag-gmm.cc:229) Removed 3 Gaussians due to counts < --min-gaussian-occupancy=10 and --remove-low-count-gaussians=true
LOG (gmm-est[5.5.1168~1-01aad]:main():gmm-est.cc:113) GMM update: Overall 0.0912122 objective function improvement per frame over 596144 frames
LOG (gmm-est[5.5.1168~1-01aad]:main():gmm-est.cc:116) GMM update: Overall avg like per frame = -79.385 over 596144 frames.
LOG (gmm-est[5.5.1168~1-01aad]:SplitByCount():am-diag-gmm.cc:116) Split 968 states with target = 9720, power = 0.25, perturb_factor = 0.01 and min_count = 20, split #Gauss from 9242 to 9725
LOG (gmm-est[5.5.1168~1-01aad]:main():gmm-est.cc:146) Written model to exp/tri_deltas/16.mdl
# Accounting: time=1 threads=1
# Ended (code 0) at Thu Apr  3 13:57:19 EEST 2025, elapsed time 1 seconds
