# gmm-est --mix-up=6840 --power=0.25 --write-occs=exp/tri_deltas/10.occs exp/tri_deltas/9.mdl "gmm-sum-accs - exp/tri_deltas/9.*.acc |" exp/tri_deltas/10.mdl 
# Started at Thu Apr  3 13:56:59 EEST 2025
#
gmm-est --mix-up=6840 --power=0.25 --write-occs=exp/tri_deltas/10.occs exp/tri_deltas/9.mdl 'gmm-sum-accs - exp/tri_deltas/9.*.acc |' exp/tri_deltas/10.mdl 
gmm-sum-accs - exp/tri_deltas/9.1.acc exp/tri_deltas/9.2.acc exp/tri_deltas/9.3.acc exp/tri_deltas/9.4.acc 
LOG (gmm-sum-accs[5.5.1168~1-01aad]:main():gmm-sum-accs.cc:63) Summed 4 stats, total count 596451, avg like/frame -81.0528
LOG (gmm-sum-accs[5.5.1168~1-01aad]:main():gmm-sum-accs.cc:66) Total count of stats is 596451
LOG (gmm-sum-accs[5.5.1168~1-01aad]:main():gmm-sum-accs.cc:67) Written stats to -
LOG (gmm-est[5.5.1168~1-01aad]:MleUpdate():transition-model.cc:528) TransitionModel::Update, objf change is 0 per frame over 596451 frames. 
LOG (gmm-est[5.5.1168~1-01aad]:MleUpdate():transition-model.cc:531) 12 probabilities floored, 3201 out of 4261 transition-states skipped due to insuffient data (it is normal to have some skipped.)
LOG (gmm-est[5.5.1168~1-01aad]:main():gmm-est.cc:102) Transition model update: Overall 0 log-like improvement per frame over 596451 frames.
WARNING (gmm-est[5.5.1168~1-01aad]:MleDiagGmmUpdate():mle-diag-gmm.cc:365) Gaussian has too little data but not removing it because it is the last Gaussian: i = 0, occ = 0, weight = 1
WARNING (gmm-est[5.5.1168~1-01aad]:MleDiagGmmUpdate():mle-diag-gmm.cc:365) Gaussian has too little data but not removing it because it is the last Gaussian: i = 0, occ = 9, weight = 1
WARNING (gmm-est[5.5.1168~1-01aad]:MleDiagGmmUpdate():mle-diag-gmm.cc:359) Too little data - removing Gaussian (weight 0.129398, occupation count 9.963684, vector size 39)
LOG (gmm-est[5.5.1168~1-01aad]:MleAmDiagGmmUpdate():mle-am-diag-gmm.cc:225) 0 variance elements floored in 0 Gaussians, out of 6359
LOG (gmm-est[5.5.1168~1-01aad]:MleAmDiagGmmUpdate():mle-am-diag-gmm.cc:229) Removed 1 Gaussians due to counts < --min-gaussian-occupancy=10 and --remove-low-count-gaussians=true
LOG (gmm-est[5.5.1168~1-01aad]:main():gmm-est.cc:113) GMM update: Overall 0.157669 objective function improvement per frame over 596451 frames
LOG (gmm-est[5.5.1168~1-01aad]:main():gmm-est.cc:116) GMM update: Overall avg like per frame = -81.0528 over 596451 frames.
LOG (gmm-est[5.5.1168~1-01aad]:SplitByCount():am-diag-gmm.cc:116) Split 968 states with target = 6840, power = 0.25, perturb_factor = 0.01 and min_count = 20, split #Gauss from 6359 to 6840
LOG (gmm-est[5.5.1168~1-01aad]:main():gmm-est.cc:146) Written model to exp/tri_deltas/10.mdl
# Accounting: time=0 threads=1
# Ended (code 0) at Thu Apr  3 13:57:00 EEST 2025, elapsed time 0 seconds
