# gmm-est --mix-up=15000 --power=0.25 --write-occs=exp/tri_deltas/27.occs exp/tri_deltas/26.mdl "gmm-sum-accs - exp/tri_deltas/26.*.acc |" exp/tri_deltas/27.mdl 
# Started at Thu Apr  3 13:57:48 EEST 2025
#
gmm-est --mix-up=15000 --power=0.25 --write-occs=exp/tri_deltas/27.occs exp/tri_deltas/26.mdl 'gmm-sum-accs - exp/tri_deltas/26.*.acc |' exp/tri_deltas/27.mdl 
gmm-sum-accs - exp/tri_deltas/26.1.acc exp/tri_deltas/26.2.acc exp/tri_deltas/26.3.acc exp/tri_deltas/26.4.acc 
LOG (gmm-sum-accs[5.5.1168~1-01aad]:main():gmm-sum-accs.cc:63) Summed 4 stats, total count 596144, avg like/frame -77.7166
LOG (gmm-sum-accs[5.5.1168~1-01aad]:main():gmm-sum-accs.cc:66) Total count of stats is 596144
LOG (gmm-sum-accs[5.5.1168~1-01aad]:main():gmm-sum-accs.cc:67) Written stats to -
LOG (gmm-est[5.5.1168~1-01aad]:MleUpdate():transition-model.cc:528) TransitionModel::Update, objf change is 0 per frame over 596144 frames. 
LOG (gmm-est[5.5.1168~1-01aad]:MleUpdate():transition-model.cc:531) 70 probabilities floored, 3200 out of 4261 transition-states skipped due to insuffient data (it is normal to have some skipped.)
LOG (gmm-est[5.5.1168~1-01aad]:main():gmm-est.cc:102) Transition model update: Overall 0 log-like improvement per frame over 596144 frames.
WARNING (gmm-est[5.5.1168~1-01aad]:MleDiagGmmUpdate():mle-diag-gmm.cc:365) Gaussian has too little data but not removing it because it is the last Gaussian: i = 0, occ = 0, weight = 1
WARNING (gmm-est[5.5.1168~1-01aad]:MleDiagGmmUpdate():mle-diag-gmm.cc:359) Too little data - removing Gaussian (weight 0.025094, occupation count 9.937027, vector size 39)
WARNING (gmm-est[5.5.1168~1-01aad]:MleDiagGmmUpdate():mle-diag-gmm.cc:359) Too little data - removing Gaussian (weight 0.037270, occupation count 9.988432, vector size 39)
WARNING (gmm-est[5.5.1168~1-01aad]:MleDiagGmmUpdate():mle-diag-gmm.cc:359) Too little data - removing Gaussian (weight 0.021127, occupation count 9.000278, vector size 39)
WARNING (gmm-est[5.5.1168~1-01aad]:MleDiagGmmUpdate():mle-diag-gmm.cc:365) Gaussian has too little data but not removing it because it is the last Gaussian: i = 0, occ = 9, weight = 1
WARNING (gmm-est[5.5.1168~1-01aad]:MleDiagGmmUpdate():mle-diag-gmm.cc:359) Too little data - removing Gaussian (weight 0.039428, occupation count 9.068519, vector size 39)
WARNING (gmm-est[5.5.1168~1-01aad]:MleDiagGmmUpdate():mle-diag-gmm.cc:359) Too little data - removing Gaussian (weight 0.024998, occupation count 9.074166, vector size 39)
WARNING (gmm-est[5.5.1168~1-01aad]:MleDiagGmmUpdate():mle-diag-gmm.cc:359) Too little data - removing Gaussian (weight 0.027624, occupation count 10.000000, vector size 39)
WARNING (gmm-est[5.5.1168~1-01aad]:MleDiagGmmUpdate():mle-diag-gmm.cc:359) Too little data - removing Gaussian (weight 0.026496, occupation count 9.988986, vector size 39)
WARNING (gmm-est[5.5.1168~1-01aad]:MleDiagGmmUpdate():mle-diag-gmm.cc:365) Gaussian has too little data but not removing it because it is the last Gaussian: i = 0, occ = 10, weight = 1
WARNING (gmm-est[5.5.1168~1-01aad]:MleDiagGmmUpdate():mle-diag-gmm.cc:359) Too little data - removing Gaussian (weight 0.027243, occupation count 9.425944, vector size 39)
WARNING (gmm-est[5.5.1168~1-01aad]:MleDiagGmmUpdate():mle-diag-gmm.cc:359) Too little data - removing Gaussian (weight 0.030148, occupation count 9.948846, vector size 39)
WARNING (gmm-est[5.5.1168~1-01aad]:MleDiagGmmUpdate():mle-diag-gmm.cc:359) Too little data - removing Gaussian (weight 0.032250, occupation count 9.997501, vector size 39)
WARNING (gmm-est[5.5.1168~1-01aad]:MleDiagGmmUpdate():mle-diag-gmm.cc:359) Too little data - removing Gaussian (weight 0.032105, occupation count 9.952672, vector size 39)
WARNING (gmm-est[5.5.1168~1-01aad]:MleDiagGmmUpdate():mle-diag-gmm.cc:359) Too little data - removing Gaussian (weight 0.016553, occupation count 8.988316, vector size 39)
WARNING (gmm-est[5.5.1168~1-01aad]:MleDiagGmmUpdate():mle-diag-gmm.cc:359) Too little data - removing Gaussian (weight 0.026285, occupation count 9.883148, vector size 39)
WARNING (gmm-est[5.5.1168~1-01aad]:MleDiagGmmUpdate():mle-diag-gmm.cc:359) Too little data - removing Gaussian (weight 0.021553, occupation count 8.922745, vector size 39)
LOG (gmm-est[5.5.1168~1-01aad]:MleAmDiagGmmUpdate():mle-am-diag-gmm.cc:225) 0 variance elements floored in 0 Gaussians, out of 14529
LOG (gmm-est[5.5.1168~1-01aad]:MleAmDiagGmmUpdate():mle-am-diag-gmm.cc:229) Removed 14 Gaussians due to counts < --min-gaussian-occupancy=10 and --remove-low-count-gaussians=true
LOG (gmm-est[5.5.1168~1-01aad]:main():gmm-est.cc:113) GMM update: Overall 0.0690939 objective function improvement per frame over 596144 frames
LOG (gmm-est[5.5.1168~1-01aad]:main():gmm-est.cc:116) GMM update: Overall avg like per frame = -77.7166 over 596144 frames.
LOG (gmm-est[5.5.1168~1-01aad]:SplitByCount():am-diag-gmm.cc:116) Split 968 states with target = 15000, power = 0.25, perturb_factor = 0.01 and min_count = 20, split #Gauss from 14529 to 15023
LOG (gmm-est[5.5.1168~1-01aad]:main():gmm-est.cc:146) Written model to exp/tri_deltas/27.mdl
# Accounting: time=1 threads=1
# Ended (code 0) at Thu Apr  3 13:57:49 EEST 2025, elapsed time 1 seconds
