# gmm-est --mix-up=7800 --power=0.25 --write-occs=exp/tri_deltas/12.occs exp/tri_deltas/11.mdl "gmm-sum-accs - exp/tri_deltas/11.*.acc |" exp/tri_deltas/12.mdl 
# Started at Thu Apr  3 13:57:09 EEST 2025
#
gmm-est --mix-up=7800 --power=0.25 --write-occs=exp/tri_deltas/12.occs exp/tri_deltas/11.mdl 'gmm-sum-accs - exp/tri_deltas/11.*.acc |' exp/tri_deltas/12.mdl 
gmm-sum-accs - exp/tri_deltas/11.1.acc exp/tri_deltas/11.2.acc exp/tri_deltas/11.3.acc exp/tri_deltas/11.4.acc 
LOG (gmm-sum-accs[5.5.1168~1-01aad]:main():gmm-sum-accs.cc:63) Summed 4 stats, total count 596144, avg like/frame -80.1423
LOG (gmm-sum-accs[5.5.1168~1-01aad]:main():gmm-sum-accs.cc:66) Total count of stats is 596144
LOG (gmm-sum-accs[5.5.1168~1-01aad]:main():gmm-sum-accs.cc:67) Written stats to -
LOG (gmm-est[5.5.1168~1-01aad]:MleUpdate():transition-model.cc:528) TransitionModel::Update, objf change is 0 per frame over 596144 frames. 
LOG (gmm-est[5.5.1168~1-01aad]:MleUpdate():transition-model.cc:531) 69 probabilities floored, 3200 out of 4261 transition-states skipped due to insuffient data (it is normal to have some skipped.)
LOG (gmm-est[5.5.1168~1-01aad]:main():gmm-est.cc:102) Transition model update: Overall 0 log-like improvement per frame over 596144 frames.
WARNING (gmm-est[5.5.1168~1-01aad]:MleDiagGmmUpdate():mle-diag-gmm.cc:365) Gaussian has too little data but not removing it because it is the last Gaussian: i = 0, occ = 0, weight = 1
WARNING (gmm-est[5.5.1168~1-01aad]:MleDiagGmmUpdate():mle-diag-gmm.cc:359) Too little data - removing Gaussian (weight 0.071674, occupation count 9.532602, vector size 39)
WARNING (gmm-est[5.5.1168~1-01aad]:MleDiagGmmUpdate():mle-diag-gmm.cc:359) Too little data - removing Gaussian (weight 0.054356, occupation count 8.696991, vector size 39)
WARNING (gmm-est[5.5.1168~1-01aad]:MleDiagGmmUpdate():mle-diag-gmm.cc:359) Too little data - removing Gaussian (weight 0.040434, occupation count 9.623317, vector size 39)
WARNING (gmm-est[5.5.1168~1-01aad]:MleDiagGmmUpdate():mle-diag-gmm.cc:359) Too little data - removing Gaussian (weight 0.063182, occupation count 9.856400, vector size 39)
WARNING (gmm-est[5.5.1168~1-01aad]:MleDiagGmmUpdate():mle-diag-gmm.cc:365) Gaussian has too little data but not removing it because it is the last Gaussian: i = 0, occ = 9, weight = 1
WARNING (gmm-est[5.5.1168~1-01aad]:MleDiagGmmUpdate():mle-diag-gmm.cc:365) Gaussian has too little data but not removing it because it is the last Gaussian: i = 0, occ = 10, weight = 1
LOG (gmm-est[5.5.1168~1-01aad]:MleAmDiagGmmUpdate():mle-am-diag-gmm.cc:225) 0 variance elements floored in 0 Gaussians, out of 7322
LOG (gmm-est[5.5.1168~1-01aad]:MleAmDiagGmmUpdate():mle-am-diag-gmm.cc:229) Removed 4 Gaussians due to counts < --min-gaussian-occupancy=10 and --remove-low-count-gaussians=true
LOG (gmm-est[5.5.1168~1-01aad]:main():gmm-est.cc:113) GMM update: Overall 0.121224 objective function improvement per frame over 596144 frames
LOG (gmm-est[5.5.1168~1-01aad]:main():gmm-est.cc:116) GMM update: Overall avg like per frame = -80.1423 over 596144 frames.
LOG (gmm-est[5.5.1168~1-01aad]:SplitByCount():am-diag-gmm.cc:116) Split 968 states with target = 7800, power = 0.25, perturb_factor = 0.01 and min_count = 20, split #Gauss from 7322 to 7805
LOG (gmm-est[5.5.1168~1-01aad]:main():gmm-est.cc:146) Written model to exp/tri_deltas/12.mdl
# Accounting: time=1 threads=1
# Ended (code 0) at Thu Apr  3 13:57:10 EEST 2025, elapsed time 1 seconds
