# gmm-est --mix-up=15000 --power=0.25 --write-occs=exp/tri_deltas/31.occs exp/tri_deltas/30.mdl "gmm-sum-accs - exp/tri_deltas/30.*.acc |" exp/tri_deltas/31.mdl 
# Started at Thu Apr  3 13:58:03 EEST 2025
#
gmm-est --mix-up=15000 --power=0.25 --write-occs=exp/tri_deltas/31.occs exp/tri_deltas/30.mdl 'gmm-sum-accs - exp/tri_deltas/30.*.acc |' exp/tri_deltas/31.mdl 
gmm-sum-accs - exp/tri_deltas/30.1.acc exp/tri_deltas/30.2.acc exp/tri_deltas/30.3.acc exp/tri_deltas/30.4.acc 
LOG (gmm-sum-accs[5.5.1168~1-01aad]:main():gmm-sum-accs.cc:63) Summed 4 stats, total count 596144, avg like/frame -77.2486
LOG (gmm-sum-accs[5.5.1168~1-01aad]:main():gmm-sum-accs.cc:66) Total count of stats is 596144
LOG (gmm-sum-accs[5.5.1168~1-01aad]:main():gmm-sum-accs.cc:67) Written stats to -
LOG (gmm-est[5.5.1168~1-01aad]:MleUpdate():transition-model.cc:528) TransitionModel::Update, objf change is 0.000109442 per frame over 596144 frames. 
LOG (gmm-est[5.5.1168~1-01aad]:MleUpdate():transition-model.cc:531) 70 probabilities floored, 3200 out of 4261 transition-states skipped due to insuffient data (it is normal to have some skipped.)
LOG (gmm-est[5.5.1168~1-01aad]:main():gmm-est.cc:102) Transition model update: Overall 0.000109442 log-like improvement per frame over 596144 frames.
WARNING (gmm-est[5.5.1168~1-01aad]:MleDiagGmmUpdate():mle-diag-gmm.cc:365) Gaussian has too little data but not removing it because it is the last Gaussian: i = 0, occ = 0, weight = 1
WARNING (gmm-est[5.5.1168~1-01aad]:MleDiagGmmUpdate():mle-diag-gmm.cc:359) Too little data - removing Gaussian (weight 0.028042, occupation count 9.001336, vector size 39)
WARNING (gmm-est[5.5.1168~1-01aad]:MleDiagGmmUpdate():mle-diag-gmm.cc:359) Too little data - removing Gaussian (weight 0.017628, occupation count 9.025733, vector size 39)
WARNING (gmm-est[5.5.1168~1-01aad]:MleDiagGmmUpdate():mle-diag-gmm.cc:359) Too little data - removing Gaussian (weight 0.034237, occupation count 9.004219, vector size 39)
WARNING (gmm-est[5.5.1168~1-01aad]:MleDiagGmmUpdate():mle-diag-gmm.cc:359) Too little data - removing Gaussian (weight 0.017482, occupation count 9.003281, vector size 39)
WARNING (gmm-est[5.5.1168~1-01aad]:MleDiagGmmUpdate():mle-diag-gmm.cc:359) Too little data - removing Gaussian (weight 0.017903, occupation count 9.703321, vector size 39)
WARNING (gmm-est[5.5.1168~1-01aad]:MleDiagGmmUpdate():mle-diag-gmm.cc:365) Gaussian has too little data but not removing it because it is the last Gaussian: i = 0, occ = 9, weight = 1
WARNING (gmm-est[5.5.1168~1-01aad]:MleDiagGmmUpdate():mle-diag-gmm.cc:359) Too little data - removing Gaussian (weight 0.018069, occupation count 9.937907, vector size 39)
WARNING (gmm-est[5.5.1168~1-01aad]:MleDiagGmmUpdate():mle-diag-gmm.cc:359) Too little data - removing Gaussian (weight 0.038019, occupation count 9.999125, vector size 39)
WARNING (gmm-est[5.5.1168~1-01aad]:MleDiagGmmUpdate():mle-diag-gmm.cc:359) Too little data - removing Gaussian (weight 0.039839, occupation count 9.999640, vector size 39)
WARNING (gmm-est[5.5.1168~1-01aad]:MleDiagGmmUpdate():mle-diag-gmm.cc:365) Gaussian has too little data but not removing it because it is the last Gaussian: i = 0, occ = 10, weight = 1
WARNING (gmm-est[5.5.1168~1-01aad]:MleDiagGmmUpdate():mle-diag-gmm.cc:359) Too little data - removing Gaussian (weight 0.031348, occupation count 9.999988, vector size 39)
WARNING (gmm-est[5.5.1168~1-01aad]:MleDiagGmmUpdate():mle-diag-gmm.cc:359) Too little data - removing Gaussian (weight 0.025242, occupation count 9.945216, vector size 39)
WARNING (gmm-est[5.5.1168~1-01aad]:MleDiagGmmUpdate():mle-diag-gmm.cc:359) Too little data - removing Gaussian (weight 0.025509, occupation count 9.999467, vector size 39)
WARNING (gmm-est[5.5.1168~1-01aad]:MleDiagGmmUpdate():mle-diag-gmm.cc:359) Too little data - removing Gaussian (weight 0.092583, occupation count 9.999015, vector size 39)
WARNING (gmm-est[5.5.1168~1-01aad]:MleDiagGmmUpdate():mle-diag-gmm.cc:359) Too little data - removing Gaussian (weight 0.018250, occupation count 9.070106, vector size 39)
WARNING (gmm-est[5.5.1168~1-01aad]:MleDiagGmmUpdate():mle-diag-gmm.cc:359) Too little data - removing Gaussian (weight 0.017393, occupation count 9.444389, vector size 39)
LOG (gmm-est[5.5.1168~1-01aad]:MleAmDiagGmmUpdate():mle-am-diag-gmm.cc:225) 1 variance elements floored in 1 Gaussians, out of 15009
LOG (gmm-est[5.5.1168~1-01aad]:MleAmDiagGmmUpdate():mle-am-diag-gmm.cc:229) Removed 14 Gaussians due to counts < --min-gaussian-occupancy=10 and --remove-low-count-gaussians=true
LOG (gmm-est[5.5.1168~1-01aad]:main():gmm-est.cc:113) GMM update: Overall 0.0783113 objective function improvement per frame over 596144 frames
LOG (gmm-est[5.5.1168~1-01aad]:main():gmm-est.cc:116) GMM update: Overall avg like per frame = -77.2486 over 596144 frames.
LOG (gmm-est[5.5.1168~1-01aad]:SplitByCount():am-diag-gmm.cc:116) Split 968 states with target = 15000, power = 0.25, perturb_factor = 0.01 and min_count = 20, split #Gauss from 15009 to 15081
LOG (gmm-est[5.5.1168~1-01aad]:main():gmm-est.cc:146) Written model to exp/tri_deltas/31.mdl
# Accounting: time=1 threads=1
# Ended (code 0) at Thu Apr  3 13:58:04 EEST 2025, elapsed time 1 seconds
