# compute-mfcc-feats --write-utt2dur=ark,t:exp/make_mfcc/train/utt2dur.4 --verbose=2 --config=conf/mfcc.conf scp,p:exp/make_mfcc/train/wav_train.4.scp ark:- | copy-feats --write-num-frames=ark,t:exp/make_mfcc/train/utt2num_frames.4 --compress=true ark:- ark,scp:/Users/giannisgousios/kaldi/egs/usc/mfcc/raw_mfcc_train.4.ark,/Users/giannisgousios/kaldi/egs/usc/mfcc/raw_mfcc_train.4.scp 
# Started at Wed Apr  2 12:21:03 EEST 2025
#
copy-feats --write-num-frames=ark,t:exp/make_mfcc/train/utt2num_frames.4 --compress=true ark:- ark,scp:/Users/giannisgousios/kaldi/egs/usc/mfcc/raw_mfcc_train.4.ark,/Users/giannisgousios/kaldi/egs/usc/mfcc/raw_mfcc_train.4.scp 
compute-mfcc-feats --write-utt2dur=ark,t:exp/make_mfcc/train/utt2dur.4 --verbose=2 --config=conf/mfcc.conf scp,p:exp/make_mfcc/train/wav_train.4.scp ark:- 
VLOG[2] (compute-mfcc-feats[5.5.1168~1-01aad]:main():compute-mfcc-feats.cc:182) Processed features for key f5_093
VLOG[2] (compute-mfcc-feats[5.5.1168~1-01aad]:main():compute-mfcc-feats.cc:182) Processed features for key f5_094
VLOG[2] (compute-mfcc-feats[5.5.1168~1-01aad]:main():compute-mfcc-feats.cc:182) Processed features for key f5_095
VLOG[2] (compute-mfcc-feats[5.5.1168~1-01aad]:main():compute-mfcc-feats.cc:182) Processed features for key f5_097
VLOG[2] (compute-mfcc-feats[5.5.1168~1-01aad]:main():compute-mfcc-feats.cc:182) Processed features for key f5_098
VLOG[2] (compute-mfcc-feats[5.5.1168~1-01aad]:main():compute-mfcc-feats.cc:182) Processed features for key f5_099
VLOG[2] (compute-mfcc-feats[5.5.1168~1-01aad]:main():compute-mfcc-feats.cc:182) Processed features for key f5_100
VLOG[2] (compute-mfcc-feats[5.5.1168~1-01aad]:main():compute-mfcc-feats.cc:182) Processed features for key f5_103
VLOG[2] (compute-mfcc-feats[5.5.1168~1-01aad]:main():compute-mfcc-feats.cc:182) Processed features for key f5_104
LOG (compute-mfcc-feats[5.5.1168~1-01aad]:main():compute-mfcc-feats.cc:181) Processed 10 utterances
VLOG[2] (compute-mfcc-feats[5.5.1168~1-01aad]:main():compute-mfcc-feats.cc:182) Processed features for key f5_105
VLOG[2] (compute-mfcc-feats[5.5.1168~1-01aad]:main():compute-mfcc-feats.cc:182) Processed features for key f5_107
VLOG[2] (compute-mfcc-feats[5.5.1168~1-01aad]:main():compute-mfcc-feats.cc:182) Processed features for key f5_108
VLOG[2] (compute-mfcc-feats[5.5.1168~1-01aad]:main():compute-mfcc-feats.cc:182) Processed features for key f5_109
VLOG[2] (compute-mfcc-feats[5.5.1168~1-01aad]:main():compute-mfcc-feats.cc:182) Processed features for key f5_110
VLOG[2] (compute-mfcc-feats[5.5.1168~1-01aad]:main():compute-mfcc-feats.cc:182) Processed features for key f5_112
VLOG[2] (compute-mfcc-feats[5.5.1168~1-01aad]:main():compute-mfcc-feats.cc:182) Processed features for key f5_113
VLOG[2] (compute-mfcc-feats[5.5.1168~1-01aad]:main():compute-mfcc-feats.cc:182) Processed features for key f5_115
VLOG[2] (compute-mfcc-feats[5.5.1168~1-01aad]:main():compute-mfcc-feats.cc:182) Processed features for key f5_117
VLOG[2] (compute-mfcc-feats[5.5.1168~1-01aad]:main():compute-mfcc-feats.cc:182) Processed features for key f5_118
LOG (compute-mfcc-feats[5.5.1168~1-01aad]:main():compute-mfcc-feats.cc:181) Processed 20 utterances
VLOG[2] (compute-mfcc-feats[5.5.1168~1-01aad]:main():compute-mfcc-feats.cc:182) Processed features for key f5_119
VLOG[2] (compute-mfcc-feats[5.5.1168~1-01aad]:main():compute-mfcc-feats.cc:182) Processed features for key f5_120
VLOG[2] (compute-mfcc-feats[5.5.1168~1-01aad]:main():compute-mfcc-feats.cc:182) Processed features for key f5_122
VLOG[2] (compute-mfcc-feats[5.5.1168~1-01aad]:main():compute-mfcc-feats.cc:182) Processed features for key f5_123
VLOG[2] (compute-mfcc-feats[5.5.1168~1-01aad]:main():compute-mfcc-feats.cc:182) Processed features for key f5_124
VLOG[2] (compute-mfcc-feats[5.5.1168~1-01aad]:main():compute-mfcc-feats.cc:182) Processed features for key f5_125
VLOG[2] (compute-mfcc-feats[5.5.1168~1-01aad]:main():compute-mfcc-feats.cc:182) Processed features for key f5_128
VLOG[2] (compute-mfcc-feats[5.5.1168~1-01aad]:main():compute-mfcc-feats.cc:182) Processed features for key f5_129
VLOG[2] (compute-mfcc-feats[5.5.1168~1-01aad]:main():compute-mfcc-feats.cc:182) Processed features for key f5_130
VLOG[2] (compute-mfcc-feats[5.5.1168~1-01aad]:main():compute-mfcc-feats.cc:182) Processed features for key f5_132
LOG (compute-mfcc-feats[5.5.1168~1-01aad]:main():compute-mfcc-feats.cc:181) Processed 30 utterances
VLOG[2] (compute-mfcc-feats[5.5.1168~1-01aad]:main():compute-mfcc-feats.cc:182) Processed features for key f5_133
VLOG[2] (compute-mfcc-feats[5.5.1168~1-01aad]:main():compute-mfcc-feats.cc:182) Processed features for key f5_134
VLOG[2] (compute-mfcc-feats[5.5.1168~1-01aad]:main():compute-mfcc-feats.cc:182) Processed features for key f5_135
VLOG[2] (compute-mfcc-feats[5.5.1168~1-01aad]:main():compute-mfcc-feats.cc:182) Processed features for key f5_137
VLOG[2] (compute-mfcc-feats[5.5.1168~1-01aad]:main():compute-mfcc-feats.cc:182) Processed features for key f5_138
VLOG[2] (compute-mfcc-feats[5.5.1168~1-01aad]:main():compute-mfcc-feats.cc:182) Processed features for key f5_140
VLOG[2] (compute-mfcc-feats[5.5.1168~1-01aad]:main():compute-mfcc-feats.cc:182) Processed features for key f5_142
VLOG[2] (compute-mfcc-feats[5.5.1168~1-01aad]:main():compute-mfcc-feats.cc:182) Processed features for key f5_143
VLOG[2] (compute-mfcc-feats[5.5.1168~1-01aad]:main():compute-mfcc-feats.cc:182) Processed features for key f5_144
VLOG[2] (compute-mfcc-feats[5.5.1168~1-01aad]:main():compute-mfcc-feats.cc:182) Processed features for key f5_145
LOG (compute-mfcc-feats[5.5.1168~1-01aad]:main():compute-mfcc-feats.cc:181) Processed 40 utterances
VLOG[2] (compute-mfcc-feats[5.5.1168~1-01aad]:main():compute-mfcc-feats.cc:182) Processed features for key f5_147
VLOG[2] (compute-mfcc-feats[5.5.1168~1-01aad]:main():compute-mfcc-feats.cc:182) Processed features for key f5_148
VLOG[2] (compute-mfcc-feats[5.5.1168~1-01aad]:main():compute-mfcc-feats.cc:182) Processed features for key f5_149
VLOG[2] (compute-mfcc-feats[5.5.1168~1-01aad]:main():compute-mfcc-feats.cc:182) Processed features for key f5_150
VLOG[2] (compute-mfcc-feats[5.5.1168~1-01aad]:main():compute-mfcc-feats.cc:182) Processed features for key f5_153
VLOG[2] (compute-mfcc-feats[5.5.1168~1-01aad]:main():compute-mfcc-feats.cc:182) Processed features for key f5_154
VLOG[2] (compute-mfcc-feats[5.5.1168~1-01aad]:main():compute-mfcc-feats.cc:182) Processed features for key f5_155
VLOG[2] (compute-mfcc-feats[5.5.1168~1-01aad]:main():compute-mfcc-feats.cc:182) Processed features for key f5_157
VLOG[2] (compute-mfcc-feats[5.5.1168~1-01aad]:main():compute-mfcc-feats.cc:182) Processed features for key f5_158
VLOG[2] (compute-mfcc-feats[5.5.1168~1-01aad]:main():compute-mfcc-feats.cc:182) Processed features for key f5_159
LOG (compute-mfcc-feats[5.5.1168~1-01aad]:main():compute-mfcc-feats.cc:181) Processed 50 utterances
VLOG[2] (compute-mfcc-feats[5.5.1168~1-01aad]:main():compute-mfcc-feats.cc:182) Processed features for key f5_160
VLOG[2] (compute-mfcc-feats[5.5.1168~1-01aad]:main():compute-mfcc-feats.cc:182) Processed features for key f5_162
VLOG[2] (compute-mfcc-feats[5.5.1168~1-01aad]:main():compute-mfcc-feats.cc:182) Processed features for key f5_163
VLOG[2] (compute-mfcc-feats[5.5.1168~1-01aad]:main():compute-mfcc-feats.cc:182) Processed features for key f5_165
VLOG[2] (compute-mfcc-feats[5.5.1168~1-01aad]:main():compute-mfcc-feats.cc:182) Processed features for key f5_167
VLOG[2] (compute-mfcc-feats[5.5.1168~1-01aad]:main():compute-mfcc-feats.cc:182) Processed features for key f5_168
VLOG[2] (compute-mfcc-feats[5.5.1168~1-01aad]:main():compute-mfcc-feats.cc:182) Processed features for key f5_169
VLOG[2] (compute-mfcc-feats[5.5.1168~1-01aad]:main():compute-mfcc-feats.cc:182) Processed features for key f5_170
VLOG[2] (compute-mfcc-feats[5.5.1168~1-01aad]:main():compute-mfcc-feats.cc:182) Processed features for key f5_172
VLOG[2] (compute-mfcc-feats[5.5.1168~1-01aad]:main():compute-mfcc-feats.cc:182) Processed features for key f5_173
LOG (compute-mfcc-feats[5.5.1168~1-01aad]:main():compute-mfcc-feats.cc:181) Processed 60 utterances
VLOG[2] (compute-mfcc-feats[5.5.1168~1-01aad]:main():compute-mfcc-feats.cc:182) Processed features for key f5_174
VLOG[2] (compute-mfcc-feats[5.5.1168~1-01aad]:main():compute-mfcc-feats.cc:182) Processed features for key f5_175
VLOG[2] (compute-mfcc-feats[5.5.1168~1-01aad]:main():compute-mfcc-feats.cc:182) Processed features for key f5_178
VLOG[2] (compute-mfcc-feats[5.5.1168~1-01aad]:main():compute-mfcc-feats.cc:182) Processed features for key f5_179
VLOG[2] (compute-mfcc-feats[5.5.1168~1-01aad]:main():compute-mfcc-feats.cc:182) Processed features for key f5_180
VLOG[2] (compute-mfcc-feats[5.5.1168~1-01aad]:main():compute-mfcc-feats.cc:182) Processed features for key f5_182
VLOG[2] (compute-mfcc-feats[5.5.1168~1-01aad]:main():compute-mfcc-feats.cc:182) Processed features for key f5_183
VLOG[2] (compute-mfcc-feats[5.5.1168~1-01aad]:main():compute-mfcc-feats.cc:182) Processed features for key f5_184
VLOG[2] (compute-mfcc-feats[5.5.1168~1-01aad]:main():compute-mfcc-feats.cc:182) Processed features for key f5_185
VLOG[2] (compute-mfcc-feats[5.5.1168~1-01aad]:main():compute-mfcc-feats.cc:182) Processed features for key f5_187
LOG (compute-mfcc-feats[5.5.1168~1-01aad]:main():compute-mfcc-feats.cc:181) Processed 70 utterances
VLOG[2] (compute-mfcc-feats[5.5.1168~1-01aad]:main():compute-mfcc-feats.cc:182) Processed features for key f5_188
VLOG[2] (compute-mfcc-feats[5.5.1168~1-01aad]:main():compute-mfcc-feats.cc:182) Processed features for key f5_190
VLOG[2] (compute-mfcc-feats[5.5.1168~1-01aad]:main():compute-mfcc-feats.cc:182) Processed features for key f5_192
VLOG[2] (compute-mfcc-feats[5.5.1168~1-01aad]:main():compute-mfcc-feats.cc:182) Processed features for key f5_193
VLOG[2] (compute-mfcc-feats[5.5.1168~1-01aad]:main():compute-mfcc-feats.cc:182) Processed features for key f5_194
VLOG[2] (compute-mfcc-feats[5.5.1168~1-01aad]:main():compute-mfcc-feats.cc:182) Processed features for key f5_195
VLOG[2] (compute-mfcc-feats[5.5.1168~1-01aad]:main():compute-mfcc-feats.cc:182) Processed features for key f5_197
VLOG[2] (compute-mfcc-feats[5.5.1168~1-01aad]:main():compute-mfcc-feats.cc:182) Processed features for key f5_198
VLOG[2] (compute-mfcc-feats[5.5.1168~1-01aad]:main():compute-mfcc-feats.cc:182) Processed features for key f5_199
VLOG[2] (compute-mfcc-feats[5.5.1168~1-01aad]:main():compute-mfcc-feats.cc:182) Processed features for key f5_200
LOG (compute-mfcc-feats[5.5.1168~1-01aad]:main():compute-mfcc-feats.cc:181) Processed 80 utterances
VLOG[2] (compute-mfcc-feats[5.5.1168~1-01aad]:main():compute-mfcc-feats.cc:182) Processed features for key f5_203
VLOG[2] (compute-mfcc-feats[5.5.1168~1-01aad]:main():compute-mfcc-feats.cc:182) Processed features for key f5_204
VLOG[2] (compute-mfcc-feats[5.5.1168~1-01aad]:main():compute-mfcc-feats.cc:182) Processed features for key f5_205
VLOG[2] (compute-mfcc-feats[5.5.1168~1-01aad]:main():compute-mfcc-feats.cc:182) Processed features for key f5_207
VLOG[2] (compute-mfcc-feats[5.5.1168~1-01aad]:main():compute-mfcc-feats.cc:182) Processed features for key f5_208
VLOG[2] (compute-mfcc-feats[5.5.1168~1-01aad]:main():compute-mfcc-feats.cc:182) Processed features for key f5_209
VLOG[2] (compute-mfcc-feats[5.5.1168~1-01aad]:main():compute-mfcc-feats.cc:182) Processed features for key f5_210
VLOG[2] (compute-mfcc-feats[5.5.1168~1-01aad]:main():compute-mfcc-feats.cc:182) Processed features for key f5_212
VLOG[2] (compute-mfcc-feats[5.5.1168~1-01aad]:main():compute-mfcc-feats.cc:182) Processed features for key f5_213
VLOG[2] (compute-mfcc-feats[5.5.1168~1-01aad]:main():compute-mfcc-feats.cc:182) Processed features for key f5_215
LOG (compute-mfcc-feats[5.5.1168~1-01aad]:main():compute-mfcc-feats.cc:181) Processed 90 utterances
VLOG[2] (compute-mfcc-feats[5.5.1168~1-01aad]:main():compute-mfcc-feats.cc:182) Processed features for key f5_217
VLOG[2] (compute-mfcc-feats[5.5.1168~1-01aad]:main():compute-mfcc-feats.cc:182) Processed features for key f5_218
VLOG[2] (compute-mfcc-feats[5.5.1168~1-01aad]:main():compute-mfcc-feats.cc:182) Processed features for key f5_219
VLOG[2] (compute-mfcc-feats[5.5.1168~1-01aad]:main():compute-mfcc-feats.cc:182) Processed features for key f5_220
VLOG[2] (compute-mfcc-feats[5.5.1168~1-01aad]:main():compute-mfcc-feats.cc:182) Processed features for key f5_222
VLOG[2] (compute-mfcc-feats[5.5.1168~1-01aad]:main():compute-mfcc-feats.cc:182) Processed features for key f5_223
VLOG[2] (compute-mfcc-feats[5.5.1168~1-01aad]:main():compute-mfcc-feats.cc:182) Processed features for key f5_224
VLOG[2] (compute-mfcc-feats[5.5.1168~1-01aad]:main():compute-mfcc-feats.cc:182) Processed features for key f5_225
VLOG[2] (compute-mfcc-feats[5.5.1168~1-01aad]:main():compute-mfcc-feats.cc:182) Processed features for key f5_228
VLOG[2] (compute-mfcc-feats[5.5.1168~1-01aad]:main():compute-mfcc-feats.cc:182) Processed features for key f5_229
LOG (compute-mfcc-feats[5.5.1168~1-01aad]:main():compute-mfcc-feats.cc:181) Processed 100 utterances
VLOG[2] (compute-mfcc-feats[5.5.1168~1-01aad]:main():compute-mfcc-feats.cc:182) Processed features for key f5_230
VLOG[2] (compute-mfcc-feats[5.5.1168~1-01aad]:main():compute-mfcc-feats.cc:182) Processed features for key f5_232
VLOG[2] (compute-mfcc-feats[5.5.1168~1-01aad]:main():compute-mfcc-feats.cc:182) Processed features for key f5_233
VLOG[2] (compute-mfcc-feats[5.5.1168~1-01aad]:main():compute-mfcc-feats.cc:182) Processed features for key f5_234
VLOG[2] (compute-mfcc-feats[5.5.1168~1-01aad]:main():compute-mfcc-feats.cc:182) Processed features for key f5_235
VLOG[2] (compute-mfcc-feats[5.5.1168~1-01aad]:main():compute-mfcc-feats.cc:182) Processed features for key f5_237
VLOG[2] (compute-mfcc-feats[5.5.1168~1-01aad]:main():compute-mfcc-feats.cc:182) Processed features for key f5_238
VLOG[2] (compute-mfcc-feats[5.5.1168~1-01aad]:main():compute-mfcc-feats.cc:182) Processed features for key f5_240
VLOG[2] (compute-mfcc-feats[5.5.1168~1-01aad]:main():compute-mfcc-feats.cc:182) Processed features for key f5_242
VLOG[2] (compute-mfcc-feats[5.5.1168~1-01aad]:main():compute-mfcc-feats.cc:182) Processed features for key f5_243
LOG (compute-mfcc-feats[5.5.1168~1-01aad]:main():compute-mfcc-feats.cc:181) Processed 110 utterances
VLOG[2] (compute-mfcc-feats[5.5.1168~1-01aad]:main():compute-mfcc-feats.cc:182) Processed features for key f5_244
VLOG[2] (compute-mfcc-feats[5.5.1168~1-01aad]:main():compute-mfcc-feats.cc:182) Processed features for key f5_245
VLOG[2] (compute-mfcc-feats[5.5.1168~1-01aad]:main():compute-mfcc-feats.cc:182) Processed features for key f5_247
VLOG[2] (compute-mfcc-feats[5.5.1168~1-01aad]:main():compute-mfcc-feats.cc:182) Processed features for key f5_248
VLOG[2] (compute-mfcc-feats[5.5.1168~1-01aad]:main():compute-mfcc-feats.cc:182) Processed features for key f5_249
VLOG[2] (compute-mfcc-feats[5.5.1168~1-01aad]:main():compute-mfcc-feats.cc:182) Processed features for key f5_250
VLOG[2] (compute-mfcc-feats[5.5.1168~1-01aad]:main():compute-mfcc-feats.cc:182) Processed features for key f5_253
VLOG[2] (compute-mfcc-feats[5.5.1168~1-01aad]:main():compute-mfcc-feats.cc:182) Processed features for key f5_254
VLOG[2] (compute-mfcc-feats[5.5.1168~1-01aad]:main():compute-mfcc-feats.cc:182) Processed features for key f5_255
VLOG[2] (compute-mfcc-feats[5.5.1168~1-01aad]:main():compute-mfcc-feats.cc:182) Processed features for key f5_257
LOG (compute-mfcc-feats[5.5.1168~1-01aad]:main():compute-mfcc-feats.cc:181) Processed 120 utterances
VLOG[2] (compute-mfcc-feats[5.5.1168~1-01aad]:main():compute-mfcc-feats.cc:182) Processed features for key f5_258
VLOG[2] (compute-mfcc-feats[5.5.1168~1-01aad]:main():compute-mfcc-feats.cc:182) Processed features for key f5_259
VLOG[2] (compute-mfcc-feats[5.5.1168~1-01aad]:main():compute-mfcc-feats.cc:182) Processed features for key f5_260
VLOG[2] (compute-mfcc-feats[5.5.1168~1-01aad]:main():compute-mfcc-feats.cc:182) Processed features for key f5_262
VLOG[2] (compute-mfcc-feats[5.5.1168~1-01aad]:main():compute-mfcc-feats.cc:182) Processed features for key f5_263
VLOG[2] (compute-mfcc-feats[5.5.1168~1-01aad]:main():compute-mfcc-feats.cc:182) Processed features for key f5_265
VLOG[2] (compute-mfcc-feats[5.5.1168~1-01aad]:main():compute-mfcc-feats.cc:182) Processed features for key f5_267
VLOG[2] (compute-mfcc-feats[5.5.1168~1-01aad]:main():compute-mfcc-feats.cc:182) Processed features for key f5_268
VLOG[2] (compute-mfcc-feats[5.5.1168~1-01aad]:main():compute-mfcc-feats.cc:182) Processed features for key f5_269
VLOG[2] (compute-mfcc-feats[5.5.1168~1-01aad]:main():compute-mfcc-feats.cc:182) Processed features for key f5_270
LOG (compute-mfcc-feats[5.5.1168~1-01aad]:main():compute-mfcc-feats.cc:181) Processed 130 utterances
VLOG[2] (compute-mfcc-feats[5.5.1168~1-01aad]:main():compute-mfcc-feats.cc:182) Processed features for key f5_272
VLOG[2] (compute-mfcc-feats[5.5.1168~1-01aad]:main():compute-mfcc-feats.cc:182) Processed features for key f5_273
VLOG[2] (compute-mfcc-feats[5.5.1168~1-01aad]:main():compute-mfcc-feats.cc:182) Processed features for key f5_274
LOG (compute-mfcc-feats[5.5.1168~1-01aad]:main():compute-mfcc-feats.cc:185)  Done 132 out of 132 utterances.
LOG (copy-feats[5.5.1168~1-01aad]:main():copy-feats.cc:143) Copied 132 feature matrices.
# Accounting: time=4 threads=1
# Ended (code 0) at Wed Apr  2 12:21:07 EEST 2025, elapsed time 4 seconds
