# compute-mfcc-feats --write-utt2dur=ark,t:exp/make_mfcc/train/utt2dur.9 --verbose=2 --config=conf/mfcc.conf scp,p:exp/make_mfcc/train/wav_train.9.scp ark:- | copy-feats --write-num-frames=ark,t:exp/make_mfcc/train/utt2num_frames.9 --compress=true ark:- ark,scp:/Users/giannisgousios/kaldi/egs/usc/mfcc/raw_mfcc_train.9.ark,/Users/giannisgousios/kaldi/egs/usc/mfcc/raw_mfcc_train.9.scp 
# Started at Wed Apr  2 12:21:03 EEST 2025
#
copy-feats --write-num-frames=ark,t:exp/make_mfcc/train/utt2num_frames.9 --compress=true ark:- ark,scp:/Users/giannisgousios/kaldi/egs/usc/mfcc/raw_mfcc_train.9.ark,/Users/giannisgousios/kaldi/egs/usc/mfcc/raw_mfcc_train.9.scp 
compute-mfcc-feats --write-utt2dur=ark,t:exp/make_mfcc/train/utt2dur.9 --verbose=2 --config=conf/mfcc.conf scp,p:exp/make_mfcc/train/wav_train.9.scp ark:- 
VLOG[2] (compute-mfcc-feats[5.5.1168~1-01aad]:main():compute-mfcc-feats.cc:182) Processed features for key m3_095
VLOG[2] (compute-mfcc-feats[5.5.1168~1-01aad]:main():compute-mfcc-feats.cc:182) Processed features for key m3_097
VLOG[2] (compute-mfcc-feats[5.5.1168~1-01aad]:main():compute-mfcc-feats.cc:182) Processed features for key m3_098
VLOG[2] (compute-mfcc-feats[5.5.1168~1-01aad]:main():compute-mfcc-feats.cc:182) Processed features for key m3_099
VLOG[2] (compute-mfcc-feats[5.5.1168~1-01aad]:main():compute-mfcc-feats.cc:182) Processed features for key m3_100
VLOG[2] (compute-mfcc-feats[5.5.1168~1-01aad]:main():compute-mfcc-feats.cc:182) Processed features for key m3_103
VLOG[2] (compute-mfcc-feats[5.5.1168~1-01aad]:main():compute-mfcc-feats.cc:182) Processed features for key m3_104
VLOG[2] (compute-mfcc-feats[5.5.1168~1-01aad]:main():compute-mfcc-feats.cc:182) Processed features for key m3_105
VLOG[2] (compute-mfcc-feats[5.5.1168~1-01aad]:main():compute-mfcc-feats.cc:182) Processed features for key m3_107
LOG (compute-mfcc-feats[5.5.1168~1-01aad]:main():compute-mfcc-feats.cc:181) Processed 10 utterances
VLOG[2] (compute-mfcc-feats[5.5.1168~1-01aad]:main():compute-mfcc-feats.cc:182) Processed features for key m3_108
VLOG[2] (compute-mfcc-feats[5.5.1168~1-01aad]:main():compute-mfcc-feats.cc:182) Processed features for key m3_109
VLOG[2] (compute-mfcc-feats[5.5.1168~1-01aad]:main():compute-mfcc-feats.cc:182) Processed features for key m3_110
VLOG[2] (compute-mfcc-feats[5.5.1168~1-01aad]:main():compute-mfcc-feats.cc:182) Processed features for key m3_112
VLOG[2] (compute-mfcc-feats[5.5.1168~1-01aad]:main():compute-mfcc-feats.cc:182) Processed features for key m3_113
VLOG[2] (compute-mfcc-feats[5.5.1168~1-01aad]:main():compute-mfcc-feats.cc:182) Processed features for key m3_115
VLOG[2] (compute-mfcc-feats[5.5.1168~1-01aad]:main():compute-mfcc-feats.cc:182) Processed features for key m3_117
VLOG[2] (compute-mfcc-feats[5.5.1168~1-01aad]:main():compute-mfcc-feats.cc:182) Processed features for key m3_118
VLOG[2] (compute-mfcc-feats[5.5.1168~1-01aad]:main():compute-mfcc-feats.cc:182) Processed features for key m3_119
VLOG[2] (compute-mfcc-feats[5.5.1168~1-01aad]:main():compute-mfcc-feats.cc:182) Processed features for key m3_120
LOG (compute-mfcc-feats[5.5.1168~1-01aad]:main():compute-mfcc-feats.cc:181) Processed 20 utterances
VLOG[2] (compute-mfcc-feats[5.5.1168~1-01aad]:main():compute-mfcc-feats.cc:182) Processed features for key m3_122
VLOG[2] (compute-mfcc-feats[5.5.1168~1-01aad]:main():compute-mfcc-feats.cc:182) Processed features for key m3_123
VLOG[2] (compute-mfcc-feats[5.5.1168~1-01aad]:main():compute-mfcc-feats.cc:182) Processed features for key m3_124
VLOG[2] (compute-mfcc-feats[5.5.1168~1-01aad]:main():compute-mfcc-feats.cc:182) Processed features for key m3_125
VLOG[2] (compute-mfcc-feats[5.5.1168~1-01aad]:main():compute-mfcc-feats.cc:182) Processed features for key m3_128
VLOG[2] (compute-mfcc-feats[5.5.1168~1-01aad]:main():compute-mfcc-feats.cc:182) Processed features for key m3_129
VLOG[2] (compute-mfcc-feats[5.5.1168~1-01aad]:main():compute-mfcc-feats.cc:182) Processed features for key m3_130
VLOG[2] (compute-mfcc-feats[5.5.1168~1-01aad]:main():compute-mfcc-feats.cc:182) Processed features for key m3_132
VLOG[2] (compute-mfcc-feats[5.5.1168~1-01aad]:main():compute-mfcc-feats.cc:182) Processed features for key m3_133
VLOG[2] (compute-mfcc-feats[5.5.1168~1-01aad]:main():compute-mfcc-feats.cc:182) Processed features for key m3_134
LOG (compute-mfcc-feats[5.5.1168~1-01aad]:main():compute-mfcc-feats.cc:181) Processed 30 utterances
VLOG[2] (compute-mfcc-feats[5.5.1168~1-01aad]:main():compute-mfcc-feats.cc:182) Processed features for key m3_135
VLOG[2] (compute-mfcc-feats[5.5.1168~1-01aad]:main():compute-mfcc-feats.cc:182) Processed features for key m3_137
VLOG[2] (compute-mfcc-feats[5.5.1168~1-01aad]:main():compute-mfcc-feats.cc:182) Processed features for key m3_138
VLOG[2] (compute-mfcc-feats[5.5.1168~1-01aad]:main():compute-mfcc-feats.cc:182) Processed features for key m3_140
VLOG[2] (compute-mfcc-feats[5.5.1168~1-01aad]:main():compute-mfcc-feats.cc:182) Processed features for key m3_142
VLOG[2] (compute-mfcc-feats[5.5.1168~1-01aad]:main():compute-mfcc-feats.cc:182) Processed features for key m3_143
VLOG[2] (compute-mfcc-feats[5.5.1168~1-01aad]:main():compute-mfcc-feats.cc:182) Processed features for key m3_144
VLOG[2] (compute-mfcc-feats[5.5.1168~1-01aad]:main():compute-mfcc-feats.cc:182) Processed features for key m3_145
VLOG[2] (compute-mfcc-feats[5.5.1168~1-01aad]:main():compute-mfcc-feats.cc:182) Processed features for key m3_147
VLOG[2] (compute-mfcc-feats[5.5.1168~1-01aad]:main():compute-mfcc-feats.cc:182) Processed features for key m3_148
LOG (compute-mfcc-feats[5.5.1168~1-01aad]:main():compute-mfcc-feats.cc:181) Processed 40 utterances
VLOG[2] (compute-mfcc-feats[5.5.1168~1-01aad]:main():compute-mfcc-feats.cc:182) Processed features for key m3_149
VLOG[2] (compute-mfcc-feats[5.5.1168~1-01aad]:main():compute-mfcc-feats.cc:182) Processed features for key m3_150
VLOG[2] (compute-mfcc-feats[5.5.1168~1-01aad]:main():compute-mfcc-feats.cc:182) Processed features for key m3_153
VLOG[2] (compute-mfcc-feats[5.5.1168~1-01aad]:main():compute-mfcc-feats.cc:182) Processed features for key m3_154
VLOG[2] (compute-mfcc-feats[5.5.1168~1-01aad]:main():compute-mfcc-feats.cc:182) Processed features for key m3_155
VLOG[2] (compute-mfcc-feats[5.5.1168~1-01aad]:main():compute-mfcc-feats.cc:182) Processed features for key m3_157
VLOG[2] (compute-mfcc-feats[5.5.1168~1-01aad]:main():compute-mfcc-feats.cc:182) Processed features for key m3_158
VLOG[2] (compute-mfcc-feats[5.5.1168~1-01aad]:main():compute-mfcc-feats.cc:182) Processed features for key m3_159
VLOG[2] (compute-mfcc-feats[5.5.1168~1-01aad]:main():compute-mfcc-feats.cc:182) Processed features for key m3_160
VLOG[2] (compute-mfcc-feats[5.5.1168~1-01aad]:main():compute-mfcc-feats.cc:182) Processed features for key m3_162
LOG (compute-mfcc-feats[5.5.1168~1-01aad]:main():compute-mfcc-feats.cc:181) Processed 50 utterances
VLOG[2] (compute-mfcc-feats[5.5.1168~1-01aad]:main():compute-mfcc-feats.cc:182) Processed features for key m3_163
VLOG[2] (compute-mfcc-feats[5.5.1168~1-01aad]:main():compute-mfcc-feats.cc:182) Processed features for key m3_165
VLOG[2] (compute-mfcc-feats[5.5.1168~1-01aad]:main():compute-mfcc-feats.cc:182) Processed features for key m3_167
VLOG[2] (compute-mfcc-feats[5.5.1168~1-01aad]:main():compute-mfcc-feats.cc:182) Processed features for key m3_168
VLOG[2] (compute-mfcc-feats[5.5.1168~1-01aad]:main():compute-mfcc-feats.cc:182) Processed features for key m3_169
VLOG[2] (compute-mfcc-feats[5.5.1168~1-01aad]:main():compute-mfcc-feats.cc:182) Processed features for key m3_170
VLOG[2] (compute-mfcc-feats[5.5.1168~1-01aad]:main():compute-mfcc-feats.cc:182) Processed features for key m3_172
VLOG[2] (compute-mfcc-feats[5.5.1168~1-01aad]:main():compute-mfcc-feats.cc:182) Processed features for key m3_173
VLOG[2] (compute-mfcc-feats[5.5.1168~1-01aad]:main():compute-mfcc-feats.cc:182) Processed features for key m3_174
VLOG[2] (compute-mfcc-feats[5.5.1168~1-01aad]:main():compute-mfcc-feats.cc:182) Processed features for key m3_175
LOG (compute-mfcc-feats[5.5.1168~1-01aad]:main():compute-mfcc-feats.cc:181) Processed 60 utterances
VLOG[2] (compute-mfcc-feats[5.5.1168~1-01aad]:main():compute-mfcc-feats.cc:182) Processed features for key m3_178
VLOG[2] (compute-mfcc-feats[5.5.1168~1-01aad]:main():compute-mfcc-feats.cc:182) Processed features for key m3_179
VLOG[2] (compute-mfcc-feats[5.5.1168~1-01aad]:main():compute-mfcc-feats.cc:182) Processed features for key m3_180
VLOG[2] (compute-mfcc-feats[5.5.1168~1-01aad]:main():compute-mfcc-feats.cc:182) Processed features for key m3_182
VLOG[2] (compute-mfcc-feats[5.5.1168~1-01aad]:main():compute-mfcc-feats.cc:182) Processed features for key m3_183
VLOG[2] (compute-mfcc-feats[5.5.1168~1-01aad]:main():compute-mfcc-feats.cc:182) Processed features for key m3_184
VLOG[2] (compute-mfcc-feats[5.5.1168~1-01aad]:main():compute-mfcc-feats.cc:182) Processed features for key m3_185
VLOG[2] (compute-mfcc-feats[5.5.1168~1-01aad]:main():compute-mfcc-feats.cc:182) Processed features for key m3_187
VLOG[2] (compute-mfcc-feats[5.5.1168~1-01aad]:main():compute-mfcc-feats.cc:182) Processed features for key m3_188
VLOG[2] (compute-mfcc-feats[5.5.1168~1-01aad]:main():compute-mfcc-feats.cc:182) Processed features for key m3_190
LOG (compute-mfcc-feats[5.5.1168~1-01aad]:main():compute-mfcc-feats.cc:181) Processed 70 utterances
VLOG[2] (compute-mfcc-feats[5.5.1168~1-01aad]:main():compute-mfcc-feats.cc:182) Processed features for key m3_192
VLOG[2] (compute-mfcc-feats[5.5.1168~1-01aad]:main():compute-mfcc-feats.cc:182) Processed features for key m3_193
VLOG[2] (compute-mfcc-feats[5.5.1168~1-01aad]:main():compute-mfcc-feats.cc:182) Processed features for key m3_194
VLOG[2] (compute-mfcc-feats[5.5.1168~1-01aad]:main():compute-mfcc-feats.cc:182) Processed features for key m3_195
VLOG[2] (compute-mfcc-feats[5.5.1168~1-01aad]:main():compute-mfcc-feats.cc:182) Processed features for key m3_197
VLOG[2] (compute-mfcc-feats[5.5.1168~1-01aad]:main():compute-mfcc-feats.cc:182) Processed features for key m3_198
VLOG[2] (compute-mfcc-feats[5.5.1168~1-01aad]:main():compute-mfcc-feats.cc:182) Processed features for key m3_199
VLOG[2] (compute-mfcc-feats[5.5.1168~1-01aad]:main():compute-mfcc-feats.cc:182) Processed features for key m3_200
VLOG[2] (compute-mfcc-feats[5.5.1168~1-01aad]:main():compute-mfcc-feats.cc:182) Processed features for key m3_203
VLOG[2] (compute-mfcc-feats[5.5.1168~1-01aad]:main():compute-mfcc-feats.cc:182) Processed features for key m3_204
LOG (compute-mfcc-feats[5.5.1168~1-01aad]:main():compute-mfcc-feats.cc:181) Processed 80 utterances
VLOG[2] (compute-mfcc-feats[5.5.1168~1-01aad]:main():compute-mfcc-feats.cc:182) Processed features for key m3_205
VLOG[2] (compute-mfcc-feats[5.5.1168~1-01aad]:main():compute-mfcc-feats.cc:182) Processed features for key m3_207
VLOG[2] (compute-mfcc-feats[5.5.1168~1-01aad]:main():compute-mfcc-feats.cc:182) Processed features for key m3_208
VLOG[2] (compute-mfcc-feats[5.5.1168~1-01aad]:main():compute-mfcc-feats.cc:182) Processed features for key m3_209
VLOG[2] (compute-mfcc-feats[5.5.1168~1-01aad]:main():compute-mfcc-feats.cc:182) Processed features for key m3_210
VLOG[2] (compute-mfcc-feats[5.5.1168~1-01aad]:main():compute-mfcc-feats.cc:182) Processed features for key m3_212
VLOG[2] (compute-mfcc-feats[5.5.1168~1-01aad]:main():compute-mfcc-feats.cc:182) Processed features for key m3_213
VLOG[2] (compute-mfcc-feats[5.5.1168~1-01aad]:main():compute-mfcc-feats.cc:182) Processed features for key m3_215
VLOG[2] (compute-mfcc-feats[5.5.1168~1-01aad]:main():compute-mfcc-feats.cc:182) Processed features for key m3_217
VLOG[2] (compute-mfcc-feats[5.5.1168~1-01aad]:main():compute-mfcc-feats.cc:182) Processed features for key m3_218
LOG (compute-mfcc-feats[5.5.1168~1-01aad]:main():compute-mfcc-feats.cc:181) Processed 90 utterances
VLOG[2] (compute-mfcc-feats[5.5.1168~1-01aad]:main():compute-mfcc-feats.cc:182) Processed features for key m3_219
VLOG[2] (compute-mfcc-feats[5.5.1168~1-01aad]:main():compute-mfcc-feats.cc:182) Processed features for key m3_220
VLOG[2] (compute-mfcc-feats[5.5.1168~1-01aad]:main():compute-mfcc-feats.cc:182) Processed features for key m3_222
VLOG[2] (compute-mfcc-feats[5.5.1168~1-01aad]:main():compute-mfcc-feats.cc:182) Processed features for key m3_223
VLOG[2] (compute-mfcc-feats[5.5.1168~1-01aad]:main():compute-mfcc-feats.cc:182) Processed features for key m3_224
VLOG[2] (compute-mfcc-feats[5.5.1168~1-01aad]:main():compute-mfcc-feats.cc:182) Processed features for key m3_225
VLOG[2] (compute-mfcc-feats[5.5.1168~1-01aad]:main():compute-mfcc-feats.cc:182) Processed features for key m3_228
VLOG[2] (compute-mfcc-feats[5.5.1168~1-01aad]:main():compute-mfcc-feats.cc:182) Processed features for key m3_229
VLOG[2] (compute-mfcc-feats[5.5.1168~1-01aad]:main():compute-mfcc-feats.cc:182) Processed features for key m3_230
VLOG[2] (compute-mfcc-feats[5.5.1168~1-01aad]:main():compute-mfcc-feats.cc:182) Processed features for key m3_232
LOG (compute-mfcc-feats[5.5.1168~1-01aad]:main():compute-mfcc-feats.cc:181) Processed 100 utterances
VLOG[2] (compute-mfcc-feats[5.5.1168~1-01aad]:main():compute-mfcc-feats.cc:182) Processed features for key m3_233
VLOG[2] (compute-mfcc-feats[5.5.1168~1-01aad]:main():compute-mfcc-feats.cc:182) Processed features for key m3_234
VLOG[2] (compute-mfcc-feats[5.5.1168~1-01aad]:main():compute-mfcc-feats.cc:182) Processed features for key m3_235
VLOG[2] (compute-mfcc-feats[5.5.1168~1-01aad]:main():compute-mfcc-feats.cc:182) Processed features for key m3_237
VLOG[2] (compute-mfcc-feats[5.5.1168~1-01aad]:main():compute-mfcc-feats.cc:182) Processed features for key m3_238
VLOG[2] (compute-mfcc-feats[5.5.1168~1-01aad]:main():compute-mfcc-feats.cc:182) Processed features for key m3_240
VLOG[2] (compute-mfcc-feats[5.5.1168~1-01aad]:main():compute-mfcc-feats.cc:182) Processed features for key m3_242
VLOG[2] (compute-mfcc-feats[5.5.1168~1-01aad]:main():compute-mfcc-feats.cc:182) Processed features for key m3_243
VLOG[2] (compute-mfcc-feats[5.5.1168~1-01aad]:main():compute-mfcc-feats.cc:182) Processed features for key m3_244
VLOG[2] (compute-mfcc-feats[5.5.1168~1-01aad]:main():compute-mfcc-feats.cc:182) Processed features for key m3_245
LOG (compute-mfcc-feats[5.5.1168~1-01aad]:main():compute-mfcc-feats.cc:181) Processed 110 utterances
VLOG[2] (compute-mfcc-feats[5.5.1168~1-01aad]:main():compute-mfcc-feats.cc:182) Processed features for key m3_247
VLOG[2] (compute-mfcc-feats[5.5.1168~1-01aad]:main():compute-mfcc-feats.cc:182) Processed features for key m3_248
VLOG[2] (compute-mfcc-feats[5.5.1168~1-01aad]:main():compute-mfcc-feats.cc:182) Processed features for key m3_249
VLOG[2] (compute-mfcc-feats[5.5.1168~1-01aad]:main():compute-mfcc-feats.cc:182) Processed features for key m3_250
VLOG[2] (compute-mfcc-feats[5.5.1168~1-01aad]:main():compute-mfcc-feats.cc:182) Processed features for key m3_253
VLOG[2] (compute-mfcc-feats[5.5.1168~1-01aad]:main():compute-mfcc-feats.cc:182) Processed features for key m3_254
VLOG[2] (compute-mfcc-feats[5.5.1168~1-01aad]:main():compute-mfcc-feats.cc:182) Processed features for key m3_255
VLOG[2] (compute-mfcc-feats[5.5.1168~1-01aad]:main():compute-mfcc-feats.cc:182) Processed features for key m3_257
VLOG[2] (compute-mfcc-feats[5.5.1168~1-01aad]:main():compute-mfcc-feats.cc:182) Processed features for key m3_258
VLOG[2] (compute-mfcc-feats[5.5.1168~1-01aad]:main():compute-mfcc-feats.cc:182) Processed features for key m3_259
LOG (compute-mfcc-feats[5.5.1168~1-01aad]:main():compute-mfcc-feats.cc:181) Processed 120 utterances
VLOG[2] (compute-mfcc-feats[5.5.1168~1-01aad]:main():compute-mfcc-feats.cc:182) Processed features for key m3_260
VLOG[2] (compute-mfcc-feats[5.5.1168~1-01aad]:main():compute-mfcc-feats.cc:182) Processed features for key m3_262
VLOG[2] (compute-mfcc-feats[5.5.1168~1-01aad]:main():compute-mfcc-feats.cc:182) Processed features for key m3_263
VLOG[2] (compute-mfcc-feats[5.5.1168~1-01aad]:main():compute-mfcc-feats.cc:182) Processed features for key m3_265
VLOG[2] (compute-mfcc-feats[5.5.1168~1-01aad]:main():compute-mfcc-feats.cc:182) Processed features for key m3_267
VLOG[2] (compute-mfcc-feats[5.5.1168~1-01aad]:main():compute-mfcc-feats.cc:182) Processed features for key m3_268
VLOG[2] (compute-mfcc-feats[5.5.1168~1-01aad]:main():compute-mfcc-feats.cc:182) Processed features for key m3_269
VLOG[2] (compute-mfcc-feats[5.5.1168~1-01aad]:main():compute-mfcc-feats.cc:182) Processed features for key m3_270
VLOG[2] (compute-mfcc-feats[5.5.1168~1-01aad]:main():compute-mfcc-feats.cc:182) Processed features for key m3_272
VLOG[2] (compute-mfcc-feats[5.5.1168~1-01aad]:main():compute-mfcc-feats.cc:182) Processed features for key m3_273
LOG (compute-mfcc-feats[5.5.1168~1-01aad]:main():compute-mfcc-feats.cc:181) Processed 130 utterances
VLOG[2] (compute-mfcc-feats[5.5.1168~1-01aad]:main():compute-mfcc-feats.cc:182) Processed features for key m3_274
VLOG[2] (compute-mfcc-feats[5.5.1168~1-01aad]:main():compute-mfcc-feats.cc:182) Processed features for key m3_275
VLOG[2] (compute-mfcc-feats[5.5.1168~1-01aad]:main():compute-mfcc-feats.cc:182) Processed features for key m3_278
LOG (compute-mfcc-feats[5.5.1168~1-01aad]:main():compute-mfcc-feats.cc:185)  Done 132 out of 132 utterances.
LOG (copy-feats[5.5.1168~1-01aad]:main():copy-feats.cc:143) Copied 132 feature matrices.
# Accounting: time=4 threads=1
# Ended (code 0) at Wed Apr  2 12:21:07 EEST 2025, elapsed time 4 seconds
