# compute-mfcc-feats --write-utt2dur=ark,t:exp/make_mfcc/train/utt2dur.5 --verbose=2 --config=conf/mfcc.conf scp,p:exp/make_mfcc/train/wav_train.5.scp ark:- | copy-feats --write-num-frames=ark,t:exp/make_mfcc/train/utt2num_frames.5 --compress=true ark:- ark,scp:/Users/giannisgousios/kaldi/egs/usc/mfcc/raw_mfcc_train.5.ark,/Users/giannisgousios/kaldi/egs/usc/mfcc/raw_mfcc_train.5.scp 
# Started at Wed Apr  2 12:21:03 EEST 2025
#
compute-mfcc-feats --write-utt2dur=ark,t:exp/make_mfcc/train/utt2dur.5 --verbose=2 --config=conf/mfcc.conf scp,p:exp/make_mfcc/train/wav_train.5.scp ark:- 
copy-feats --write-num-frames=ark,t:exp/make_mfcc/train/utt2num_frames.5 --compress=true ark:- ark,scp:/Users/giannisgousios/kaldi/egs/usc/mfcc/raw_mfcc_train.5.ark,/Users/giannisgousios/kaldi/egs/usc/mfcc/raw_mfcc_train.5.scp 
VLOG[2] (compute-mfcc-feats[5.5.1168~1-01aad]:main():compute-mfcc-feats.cc:182) Processed features for key f5_275
VLOG[2] (compute-mfcc-feats[5.5.1168~1-01aad]:main():compute-mfcc-feats.cc:182) Processed features for key f5_278
VLOG[2] (compute-mfcc-feats[5.5.1168~1-01aad]:main():compute-mfcc-feats.cc:182) Processed features for key f5_279
VLOG[2] (compute-mfcc-feats[5.5.1168~1-01aad]:main():compute-mfcc-feats.cc:182) Processed features for key f5_280
VLOG[2] (compute-mfcc-feats[5.5.1168~1-01aad]:main():compute-mfcc-feats.cc:182) Processed features for key f5_282
VLOG[2] (compute-mfcc-feats[5.5.1168~1-01aad]:main():compute-mfcc-feats.cc:182) Processed features for key f5_283
VLOG[2] (compute-mfcc-feats[5.5.1168~1-01aad]:main():compute-mfcc-feats.cc:182) Processed features for key f5_284
VLOG[2] (compute-mfcc-feats[5.5.1168~1-01aad]:main():compute-mfcc-feats.cc:182) Processed features for key f5_285
VLOG[2] (compute-mfcc-feats[5.5.1168~1-01aad]:main():compute-mfcc-feats.cc:182) Processed features for key f5_287
LOG (compute-mfcc-feats[5.5.1168~1-01aad]:main():compute-mfcc-feats.cc:181) Processed 10 utterances
VLOG[2] (compute-mfcc-feats[5.5.1168~1-01aad]:main():compute-mfcc-feats.cc:182) Processed features for key f5_288
VLOG[2] (compute-mfcc-feats[5.5.1168~1-01aad]:main():compute-mfcc-feats.cc:182) Processed features for key f5_290
VLOG[2] (compute-mfcc-feats[5.5.1168~1-01aad]:main():compute-mfcc-feats.cc:182) Processed features for key f5_292
VLOG[2] (compute-mfcc-feats[5.5.1168~1-01aad]:main():compute-mfcc-feats.cc:182) Processed features for key f5_293
VLOG[2] (compute-mfcc-feats[5.5.1168~1-01aad]:main():compute-mfcc-feats.cc:182) Processed features for key f5_294
VLOG[2] (compute-mfcc-feats[5.5.1168~1-01aad]:main():compute-mfcc-feats.cc:182) Processed features for key f5_295
VLOG[2] (compute-mfcc-feats[5.5.1168~1-01aad]:main():compute-mfcc-feats.cc:182) Processed features for key f5_297
VLOG[2] (compute-mfcc-feats[5.5.1168~1-01aad]:main():compute-mfcc-feats.cc:182) Processed features for key f5_298
VLOG[2] (compute-mfcc-feats[5.5.1168~1-01aad]:main():compute-mfcc-feats.cc:182) Processed features for key f5_299
VLOG[2] (compute-mfcc-feats[5.5.1168~1-01aad]:main():compute-mfcc-feats.cc:182) Processed features for key f5_300
LOG (compute-mfcc-feats[5.5.1168~1-01aad]:main():compute-mfcc-feats.cc:181) Processed 20 utterances
VLOG[2] (compute-mfcc-feats[5.5.1168~1-01aad]:main():compute-mfcc-feats.cc:182) Processed features for key f5_303
VLOG[2] (compute-mfcc-feats[5.5.1168~1-01aad]:main():compute-mfcc-feats.cc:182) Processed features for key f5_304
VLOG[2] (compute-mfcc-feats[5.5.1168~1-01aad]:main():compute-mfcc-feats.cc:182) Processed features for key f5_305
VLOG[2] (compute-mfcc-feats[5.5.1168~1-01aad]:main():compute-mfcc-feats.cc:182) Processed features for key f5_307
VLOG[2] (compute-mfcc-feats[5.5.1168~1-01aad]:main():compute-mfcc-feats.cc:182) Processed features for key f5_308
VLOG[2] (compute-mfcc-feats[5.5.1168~1-01aad]:main():compute-mfcc-feats.cc:182) Processed features for key f5_309
VLOG[2] (compute-mfcc-feats[5.5.1168~1-01aad]:main():compute-mfcc-feats.cc:182) Processed features for key f5_310
VLOG[2] (compute-mfcc-feats[5.5.1168~1-01aad]:main():compute-mfcc-feats.cc:182) Processed features for key f5_312
VLOG[2] (compute-mfcc-feats[5.5.1168~1-01aad]:main():compute-mfcc-feats.cc:182) Processed features for key f5_313
VLOG[2] (compute-mfcc-feats[5.5.1168~1-01aad]:main():compute-mfcc-feats.cc:182) Processed features for key f5_315
LOG (compute-mfcc-feats[5.5.1168~1-01aad]:main():compute-mfcc-feats.cc:181) Processed 30 utterances
VLOG[2] (compute-mfcc-feats[5.5.1168~1-01aad]:main():compute-mfcc-feats.cc:182) Processed features for key f5_317
VLOG[2] (compute-mfcc-feats[5.5.1168~1-01aad]:main():compute-mfcc-feats.cc:182) Processed features for key f5_318
VLOG[2] (compute-mfcc-feats[5.5.1168~1-01aad]:main():compute-mfcc-feats.cc:182) Processed features for key f5_319
VLOG[2] (compute-mfcc-feats[5.5.1168~1-01aad]:main():compute-mfcc-feats.cc:182) Processed features for key f5_320
VLOG[2] (compute-mfcc-feats[5.5.1168~1-01aad]:main():compute-mfcc-feats.cc:182) Processed features for key f5_322
VLOG[2] (compute-mfcc-feats[5.5.1168~1-01aad]:main():compute-mfcc-feats.cc:182) Processed features for key f5_323
VLOG[2] (compute-mfcc-feats[5.5.1168~1-01aad]:main():compute-mfcc-feats.cc:182) Processed features for key f5_324
VLOG[2] (compute-mfcc-feats[5.5.1168~1-01aad]:main():compute-mfcc-feats.cc:182) Processed features for key f5_325
VLOG[2] (compute-mfcc-feats[5.5.1168~1-01aad]:main():compute-mfcc-feats.cc:182) Processed features for key f5_328
VLOG[2] (compute-mfcc-feats[5.5.1168~1-01aad]:main():compute-mfcc-feats.cc:182) Processed features for key f5_329
LOG (compute-mfcc-feats[5.5.1168~1-01aad]:main():compute-mfcc-feats.cc:181) Processed 40 utterances
VLOG[2] (compute-mfcc-feats[5.5.1168~1-01aad]:main():compute-mfcc-feats.cc:182) Processed features for key f5_330
VLOG[2] (compute-mfcc-feats[5.5.1168~1-01aad]:main():compute-mfcc-feats.cc:182) Processed features for key f5_332
VLOG[2] (compute-mfcc-feats[5.5.1168~1-01aad]:main():compute-mfcc-feats.cc:182) Processed features for key f5_333
VLOG[2] (compute-mfcc-feats[5.5.1168~1-01aad]:main():compute-mfcc-feats.cc:182) Processed features for key f5_334
VLOG[2] (compute-mfcc-feats[5.5.1168~1-01aad]:main():compute-mfcc-feats.cc:182) Processed features for key f5_335
VLOG[2] (compute-mfcc-feats[5.5.1168~1-01aad]:main():compute-mfcc-feats.cc:182) Processed features for key f5_337
VLOG[2] (compute-mfcc-feats[5.5.1168~1-01aad]:main():compute-mfcc-feats.cc:182) Processed features for key f5_338
VLOG[2] (compute-mfcc-feats[5.5.1168~1-01aad]:main():compute-mfcc-feats.cc:182) Processed features for key f5_340
VLOG[2] (compute-mfcc-feats[5.5.1168~1-01aad]:main():compute-mfcc-feats.cc:182) Processed features for key f5_342
VLOG[2] (compute-mfcc-feats[5.5.1168~1-01aad]:main():compute-mfcc-feats.cc:182) Processed features for key f5_343
LOG (compute-mfcc-feats[5.5.1168~1-01aad]:main():compute-mfcc-feats.cc:181) Processed 50 utterances
VLOG[2] (compute-mfcc-feats[5.5.1168~1-01aad]:main():compute-mfcc-feats.cc:182) Processed features for key f5_344
VLOG[2] (compute-mfcc-feats[5.5.1168~1-01aad]:main():compute-mfcc-feats.cc:182) Processed features for key f5_345
VLOG[2] (compute-mfcc-feats[5.5.1168~1-01aad]:main():compute-mfcc-feats.cc:182) Processed features for key f5_347
VLOG[2] (compute-mfcc-feats[5.5.1168~1-01aad]:main():compute-mfcc-feats.cc:182) Processed features for key f5_348
VLOG[2] (compute-mfcc-feats[5.5.1168~1-01aad]:main():compute-mfcc-feats.cc:182) Processed features for key f5_349
VLOG[2] (compute-mfcc-feats[5.5.1168~1-01aad]:main():compute-mfcc-feats.cc:182) Processed features for key f5_350
VLOG[2] (compute-mfcc-feats[5.5.1168~1-01aad]:main():compute-mfcc-feats.cc:182) Processed features for key f5_353
VLOG[2] (compute-mfcc-feats[5.5.1168~1-01aad]:main():compute-mfcc-feats.cc:182) Processed features for key f5_354
VLOG[2] (compute-mfcc-feats[5.5.1168~1-01aad]:main():compute-mfcc-feats.cc:182) Processed features for key f5_355
VLOG[2] (compute-mfcc-feats[5.5.1168~1-01aad]:main():compute-mfcc-feats.cc:182) Processed features for key f5_357
LOG (compute-mfcc-feats[5.5.1168~1-01aad]:main():compute-mfcc-feats.cc:181) Processed 60 utterances
VLOG[2] (compute-mfcc-feats[5.5.1168~1-01aad]:main():compute-mfcc-feats.cc:182) Processed features for key f5_358
VLOG[2] (compute-mfcc-feats[5.5.1168~1-01aad]:main():compute-mfcc-feats.cc:182) Processed features for key f5_359
VLOG[2] (compute-mfcc-feats[5.5.1168~1-01aad]:main():compute-mfcc-feats.cc:182) Processed features for key f5_360
VLOG[2] (compute-mfcc-feats[5.5.1168~1-01aad]:main():compute-mfcc-feats.cc:182) Processed features for key f5_362
VLOG[2] (compute-mfcc-feats[5.5.1168~1-01aad]:main():compute-mfcc-feats.cc:182) Processed features for key f5_363
VLOG[2] (compute-mfcc-feats[5.5.1168~1-01aad]:main():compute-mfcc-feats.cc:182) Processed features for key f5_365
VLOG[2] (compute-mfcc-feats[5.5.1168~1-01aad]:main():compute-mfcc-feats.cc:182) Processed features for key f5_367
VLOG[2] (compute-mfcc-feats[5.5.1168~1-01aad]:main():compute-mfcc-feats.cc:182) Processed features for key f5_368
VLOG[2] (compute-mfcc-feats[5.5.1168~1-01aad]:main():compute-mfcc-feats.cc:182) Processed features for key f5_369
VLOG[2] (compute-mfcc-feats[5.5.1168~1-01aad]:main():compute-mfcc-feats.cc:182) Processed features for key f5_370
LOG (compute-mfcc-feats[5.5.1168~1-01aad]:main():compute-mfcc-feats.cc:181) Processed 70 utterances
VLOG[2] (compute-mfcc-feats[5.5.1168~1-01aad]:main():compute-mfcc-feats.cc:182) Processed features for key f5_372
VLOG[2] (compute-mfcc-feats[5.5.1168~1-01aad]:main():compute-mfcc-feats.cc:182) Processed features for key f5_373
VLOG[2] (compute-mfcc-feats[5.5.1168~1-01aad]:main():compute-mfcc-feats.cc:182) Processed features for key f5_374
VLOG[2] (compute-mfcc-feats[5.5.1168~1-01aad]:main():compute-mfcc-feats.cc:182) Processed features for key f5_375
VLOG[2] (compute-mfcc-feats[5.5.1168~1-01aad]:main():compute-mfcc-feats.cc:182) Processed features for key f5_378
VLOG[2] (compute-mfcc-feats[5.5.1168~1-01aad]:main():compute-mfcc-feats.cc:182) Processed features for key f5_379
VLOG[2] (compute-mfcc-feats[5.5.1168~1-01aad]:main():compute-mfcc-feats.cc:182) Processed features for key f5_380
VLOG[2] (compute-mfcc-feats[5.5.1168~1-01aad]:main():compute-mfcc-feats.cc:182) Processed features for key f5_382
VLOG[2] (compute-mfcc-feats[5.5.1168~1-01aad]:main():compute-mfcc-feats.cc:182) Processed features for key f5_383
VLOG[2] (compute-mfcc-feats[5.5.1168~1-01aad]:main():compute-mfcc-feats.cc:182) Processed features for key f5_384
LOG (compute-mfcc-feats[5.5.1168~1-01aad]:main():compute-mfcc-feats.cc:181) Processed 80 utterances
VLOG[2] (compute-mfcc-feats[5.5.1168~1-01aad]:main():compute-mfcc-feats.cc:182) Processed features for key f5_385
VLOG[2] (compute-mfcc-feats[5.5.1168~1-01aad]:main():compute-mfcc-feats.cc:182) Processed features for key f5_387
VLOG[2] (compute-mfcc-feats[5.5.1168~1-01aad]:main():compute-mfcc-feats.cc:182) Processed features for key f5_388
VLOG[2] (compute-mfcc-feats[5.5.1168~1-01aad]:main():compute-mfcc-feats.cc:182) Processed features for key f5_390
VLOG[2] (compute-mfcc-feats[5.5.1168~1-01aad]:main():compute-mfcc-feats.cc:182) Processed features for key f5_392
VLOG[2] (compute-mfcc-feats[5.5.1168~1-01aad]:main():compute-mfcc-feats.cc:182) Processed features for key f5_393
VLOG[2] (compute-mfcc-feats[5.5.1168~1-01aad]:main():compute-mfcc-feats.cc:182) Processed features for key f5_394
VLOG[2] (compute-mfcc-feats[5.5.1168~1-01aad]:main():compute-mfcc-feats.cc:182) Processed features for key f5_395
VLOG[2] (compute-mfcc-feats[5.5.1168~1-01aad]:main():compute-mfcc-feats.cc:182) Processed features for key f5_397
VLOG[2] (compute-mfcc-feats[5.5.1168~1-01aad]:main():compute-mfcc-feats.cc:182) Processed features for key f5_398
LOG (compute-mfcc-feats[5.5.1168~1-01aad]:main():compute-mfcc-feats.cc:181) Processed 90 utterances
VLOG[2] (compute-mfcc-feats[5.5.1168~1-01aad]:main():compute-mfcc-feats.cc:182) Processed features for key f5_399
VLOG[2] (compute-mfcc-feats[5.5.1168~1-01aad]:main():compute-mfcc-feats.cc:182) Processed features for key f5_400
VLOG[2] (compute-mfcc-feats[5.5.1168~1-01aad]:main():compute-mfcc-feats.cc:182) Processed features for key f5_403
VLOG[2] (compute-mfcc-feats[5.5.1168~1-01aad]:main():compute-mfcc-feats.cc:182) Processed features for key f5_404
VLOG[2] (compute-mfcc-feats[5.5.1168~1-01aad]:main():compute-mfcc-feats.cc:182) Processed features for key f5_405
VLOG[2] (compute-mfcc-feats[5.5.1168~1-01aad]:main():compute-mfcc-feats.cc:182) Processed features for key f5_407
VLOG[2] (compute-mfcc-feats[5.5.1168~1-01aad]:main():compute-mfcc-feats.cc:182) Processed features for key f5_408
VLOG[2] (compute-mfcc-feats[5.5.1168~1-01aad]:main():compute-mfcc-feats.cc:182) Processed features for key f5_409
VLOG[2] (compute-mfcc-feats[5.5.1168~1-01aad]:main():compute-mfcc-feats.cc:182) Processed features for key f5_410
VLOG[2] (compute-mfcc-feats[5.5.1168~1-01aad]:main():compute-mfcc-feats.cc:182) Processed features for key f5_412
LOG (compute-mfcc-feats[5.5.1168~1-01aad]:main():compute-mfcc-feats.cc:181) Processed 100 utterances
VLOG[2] (compute-mfcc-feats[5.5.1168~1-01aad]:main():compute-mfcc-feats.cc:182) Processed features for key f5_413
VLOG[2] (compute-mfcc-feats[5.5.1168~1-01aad]:main():compute-mfcc-feats.cc:182) Processed features for key f5_415
VLOG[2] (compute-mfcc-feats[5.5.1168~1-01aad]:main():compute-mfcc-feats.cc:182) Processed features for key f5_417
VLOG[2] (compute-mfcc-feats[5.5.1168~1-01aad]:main():compute-mfcc-feats.cc:182) Processed features for key f5_418
VLOG[2] (compute-mfcc-feats[5.5.1168~1-01aad]:main():compute-mfcc-feats.cc:182) Processed features for key f5_419
VLOG[2] (compute-mfcc-feats[5.5.1168~1-01aad]:main():compute-mfcc-feats.cc:182) Processed features for key f5_420
VLOG[2] (compute-mfcc-feats[5.5.1168~1-01aad]:main():compute-mfcc-feats.cc:182) Processed features for key f5_422
VLOG[2] (compute-mfcc-feats[5.5.1168~1-01aad]:main():compute-mfcc-feats.cc:182) Processed features for key f5_423
VLOG[2] (compute-mfcc-feats[5.5.1168~1-01aad]:main():compute-mfcc-feats.cc:182) Processed features for key f5_424
VLOG[2] (compute-mfcc-feats[5.5.1168~1-01aad]:main():compute-mfcc-feats.cc:182) Processed features for key f5_425
LOG (compute-mfcc-feats[5.5.1168~1-01aad]:main():compute-mfcc-feats.cc:181) Processed 110 utterances
VLOG[2] (compute-mfcc-feats[5.5.1168~1-01aad]:main():compute-mfcc-feats.cc:182) Processed features for key f5_428
VLOG[2] (compute-mfcc-feats[5.5.1168~1-01aad]:main():compute-mfcc-feats.cc:182) Processed features for key f5_429
VLOG[2] (compute-mfcc-feats[5.5.1168~1-01aad]:main():compute-mfcc-feats.cc:182) Processed features for key f5_430
VLOG[2] (compute-mfcc-feats[5.5.1168~1-01aad]:main():compute-mfcc-feats.cc:182) Processed features for key f5_432
VLOG[2] (compute-mfcc-feats[5.5.1168~1-01aad]:main():compute-mfcc-feats.cc:182) Processed features for key f5_433
VLOG[2] (compute-mfcc-feats[5.5.1168~1-01aad]:main():compute-mfcc-feats.cc:182) Processed features for key f5_434
VLOG[2] (compute-mfcc-feats[5.5.1168~1-01aad]:main():compute-mfcc-feats.cc:182) Processed features for key f5_435
VLOG[2] (compute-mfcc-feats[5.5.1168~1-01aad]:main():compute-mfcc-feats.cc:182) Processed features for key f5_437
VLOG[2] (compute-mfcc-feats[5.5.1168~1-01aad]:main():compute-mfcc-feats.cc:182) Processed features for key f5_438
VLOG[2] (compute-mfcc-feats[5.5.1168~1-01aad]:main():compute-mfcc-feats.cc:182) Processed features for key f5_440
LOG (compute-mfcc-feats[5.5.1168~1-01aad]:main():compute-mfcc-feats.cc:181) Processed 120 utterances
VLOG[2] (compute-mfcc-feats[5.5.1168~1-01aad]:main():compute-mfcc-feats.cc:182) Processed features for key f5_442
VLOG[2] (compute-mfcc-feats[5.5.1168~1-01aad]:main():compute-mfcc-feats.cc:182) Processed features for key f5_443
VLOG[2] (compute-mfcc-feats[5.5.1168~1-01aad]:main():compute-mfcc-feats.cc:182) Processed features for key f5_444
VLOG[2] (compute-mfcc-feats[5.5.1168~1-01aad]:main():compute-mfcc-feats.cc:182) Processed features for key f5_445
VLOG[2] (compute-mfcc-feats[5.5.1168~1-01aad]:main():compute-mfcc-feats.cc:182) Processed features for key f5_447
VLOG[2] (compute-mfcc-feats[5.5.1168~1-01aad]:main():compute-mfcc-feats.cc:182) Processed features for key f5_448
VLOG[2] (compute-mfcc-feats[5.5.1168~1-01aad]:main():compute-mfcc-feats.cc:182) Processed features for key f5_449
VLOG[2] (compute-mfcc-feats[5.5.1168~1-01aad]:main():compute-mfcc-feats.cc:182) Processed features for key f5_450
VLOG[2] (compute-mfcc-feats[5.5.1168~1-01aad]:main():compute-mfcc-feats.cc:182) Processed features for key f5_453
VLOG[2] (compute-mfcc-feats[5.5.1168~1-01aad]:main():compute-mfcc-feats.cc:182) Processed features for key f5_454
LOG (compute-mfcc-feats[5.5.1168~1-01aad]:main():compute-mfcc-feats.cc:181) Processed 130 utterances
VLOG[2] (compute-mfcc-feats[5.5.1168~1-01aad]:main():compute-mfcc-feats.cc:182) Processed features for key f5_455
VLOG[2] (compute-mfcc-feats[5.5.1168~1-01aad]:main():compute-mfcc-feats.cc:182) Processed features for key f5_457
VLOG[2] (compute-mfcc-feats[5.5.1168~1-01aad]:main():compute-mfcc-feats.cc:182) Processed features for key f5_458
LOG (compute-mfcc-feats[5.5.1168~1-01aad]:main():compute-mfcc-feats.cc:185)  Done 132 out of 132 utterances.
LOG (copy-feats[5.5.1168~1-01aad]:main():copy-feats.cc:143) Copied 132 feature matrices.
# Accounting: time=4 threads=1
# Ended (code 0) at Wed Apr  2 12:21:07 EEST 2025, elapsed time 4 seconds
