# compute-mfcc-feats --write-utt2dur=ark,t:exp/make_mfcc/train/utt2dur.8 --verbose=2 --config=conf/mfcc.conf scp,p:exp/make_mfcc/train/wav_train.8.scp ark:- | copy-feats --write-num-frames=ark,t:exp/make_mfcc/train/utt2num_frames.8 --compress=true ark:- ark,scp:/Users/giannisgousios/kaldi/egs/usc/mfcc/raw_mfcc_train.8.ark,/Users/giannisgousios/kaldi/egs/usc/mfcc/raw_mfcc_train.8.scp 
# Started at Wed Apr  2 15:53:19 EEST 2025
#
compute-mfcc-feats --write-utt2dur=ark,t:exp/make_mfcc/train/utt2dur.8 --verbose=2 --config=conf/mfcc.conf scp,p:exp/make_mfcc/train/wav_train.8.scp ark:- 
copy-feats --write-num-frames=ark,t:exp/make_mfcc/train/utt2num_frames.8 --compress=true ark:- ark,scp:/Users/giannisgousios/kaldi/egs/usc/mfcc/raw_mfcc_train.8.ark,/Users/giannisgousios/kaldi/egs/usc/mfcc/raw_mfcc_train.8.scp 
VLOG[2] (compute-mfcc-feats[5.5.1168~1-01aad]:main():compute-mfcc-feats.cc:182) Processed features for key m1_372
VLOG[2] (compute-mfcc-feats[5.5.1168~1-01aad]:main():compute-mfcc-feats.cc:182) Processed features for key m1_373
VLOG[2] (compute-mfcc-feats[5.5.1168~1-01aad]:main():compute-mfcc-feats.cc:182) Processed features for key m1_374
VLOG[2] (compute-mfcc-feats[5.5.1168~1-01aad]:main():compute-mfcc-feats.cc:182) Processed features for key m1_375
VLOG[2] (compute-mfcc-feats[5.5.1168~1-01aad]:main():compute-mfcc-feats.cc:182) Processed features for key m1_377
VLOG[2] (compute-mfcc-feats[5.5.1168~1-01aad]:main():compute-mfcc-feats.cc:182) Processed features for key m1_378
VLOG[2] (compute-mfcc-feats[5.5.1168~1-01aad]:main():compute-mfcc-feats.cc:182) Processed features for key m1_379
VLOG[2] (compute-mfcc-feats[5.5.1168~1-01aad]:main():compute-mfcc-feats.cc:182) Processed features for key m1_380
VLOG[2] (compute-mfcc-feats[5.5.1168~1-01aad]:main():compute-mfcc-feats.cc:182) Processed features for key m1_383
LOG (compute-mfcc-feats[5.5.1168~1-01aad]:main():compute-mfcc-feats.cc:181) Processed 10 utterances
VLOG[2] (compute-mfcc-feats[5.5.1168~1-01aad]:main():compute-mfcc-feats.cc:182) Processed features for key m1_384
VLOG[2] (compute-mfcc-feats[5.5.1168~1-01aad]:main():compute-mfcc-feats.cc:182) Processed features for key m1_385
VLOG[2] (compute-mfcc-feats[5.5.1168~1-01aad]:main():compute-mfcc-feats.cc:182) Processed features for key m1_387
VLOG[2] (compute-mfcc-feats[5.5.1168~1-01aad]:main():compute-mfcc-feats.cc:182) Processed features for key m1_388
VLOG[2] (compute-mfcc-feats[5.5.1168~1-01aad]:main():compute-mfcc-feats.cc:182) Processed features for key m1_389
VLOG[2] (compute-mfcc-feats[5.5.1168~1-01aad]:main():compute-mfcc-feats.cc:182) Processed features for key m1_390
VLOG[2] (compute-mfcc-feats[5.5.1168~1-01aad]:main():compute-mfcc-feats.cc:182) Processed features for key m1_392
VLOG[2] (compute-mfcc-feats[5.5.1168~1-01aad]:main():compute-mfcc-feats.cc:182) Processed features for key m1_393
VLOG[2] (compute-mfcc-feats[5.5.1168~1-01aad]:main():compute-mfcc-feats.cc:182) Processed features for key m1_395
VLOG[2] (compute-mfcc-feats[5.5.1168~1-01aad]:main():compute-mfcc-feats.cc:182) Processed features for key m1_397
LOG (compute-mfcc-feats[5.5.1168~1-01aad]:main():compute-mfcc-feats.cc:181) Processed 20 utterances
VLOG[2] (compute-mfcc-feats[5.5.1168~1-01aad]:main():compute-mfcc-feats.cc:182) Processed features for key m1_398
VLOG[2] (compute-mfcc-feats[5.5.1168~1-01aad]:main():compute-mfcc-feats.cc:182) Processed features for key m1_399
VLOG[2] (compute-mfcc-feats[5.5.1168~1-01aad]:main():compute-mfcc-feats.cc:182) Processed features for key m1_400
VLOG[2] (compute-mfcc-feats[5.5.1168~1-01aad]:main():compute-mfcc-feats.cc:182) Processed features for key m1_402
VLOG[2] (compute-mfcc-feats[5.5.1168~1-01aad]:main():compute-mfcc-feats.cc:182) Processed features for key m1_403
VLOG[2] (compute-mfcc-feats[5.5.1168~1-01aad]:main():compute-mfcc-feats.cc:182) Processed features for key m1_404
VLOG[2] (compute-mfcc-feats[5.5.1168~1-01aad]:main():compute-mfcc-feats.cc:182) Processed features for key m1_405
VLOG[2] (compute-mfcc-feats[5.5.1168~1-01aad]:main():compute-mfcc-feats.cc:182) Processed features for key m1_408
VLOG[2] (compute-mfcc-feats[5.5.1168~1-01aad]:main():compute-mfcc-feats.cc:182) Processed features for key m1_409
VLOG[2] (compute-mfcc-feats[5.5.1168~1-01aad]:main():compute-mfcc-feats.cc:182) Processed features for key m1_410
LOG (compute-mfcc-feats[5.5.1168~1-01aad]:main():compute-mfcc-feats.cc:181) Processed 30 utterances
VLOG[2] (compute-mfcc-feats[5.5.1168~1-01aad]:main():compute-mfcc-feats.cc:182) Processed features for key m1_412
VLOG[2] (compute-mfcc-feats[5.5.1168~1-01aad]:main():compute-mfcc-feats.cc:182) Processed features for key m1_413
VLOG[2] (compute-mfcc-feats[5.5.1168~1-01aad]:main():compute-mfcc-feats.cc:182) Processed features for key m1_414
VLOG[2] (compute-mfcc-feats[5.5.1168~1-01aad]:main():compute-mfcc-feats.cc:182) Processed features for key m1_415
VLOG[2] (compute-mfcc-feats[5.5.1168~1-01aad]:main():compute-mfcc-feats.cc:182) Processed features for key m1_417
VLOG[2] (compute-mfcc-feats[5.5.1168~1-01aad]:main():compute-mfcc-feats.cc:182) Processed features for key m1_418
VLOG[2] (compute-mfcc-feats[5.5.1168~1-01aad]:main():compute-mfcc-feats.cc:182) Processed features for key m1_420
VLOG[2] (compute-mfcc-feats[5.5.1168~1-01aad]:main():compute-mfcc-feats.cc:182) Processed features for key m1_422
VLOG[2] (compute-mfcc-feats[5.5.1168~1-01aad]:main():compute-mfcc-feats.cc:182) Processed features for key m1_423
VLOG[2] (compute-mfcc-feats[5.5.1168~1-01aad]:main():compute-mfcc-feats.cc:182) Processed features for key m1_424
LOG (compute-mfcc-feats[5.5.1168~1-01aad]:main():compute-mfcc-feats.cc:181) Processed 40 utterances
VLOG[2] (compute-mfcc-feats[5.5.1168~1-01aad]:main():compute-mfcc-feats.cc:182) Processed features for key m1_425
VLOG[2] (compute-mfcc-feats[5.5.1168~1-01aad]:main():compute-mfcc-feats.cc:182) Processed features for key m1_427
VLOG[2] (compute-mfcc-feats[5.5.1168~1-01aad]:main():compute-mfcc-feats.cc:182) Processed features for key m1_428
VLOG[2] (compute-mfcc-feats[5.5.1168~1-01aad]:main():compute-mfcc-feats.cc:182) Processed features for key m1_429
VLOG[2] (compute-mfcc-feats[5.5.1168~1-01aad]:main():compute-mfcc-feats.cc:182) Processed features for key m1_430
VLOG[2] (compute-mfcc-feats[5.5.1168~1-01aad]:main():compute-mfcc-feats.cc:182) Processed features for key m1_433
VLOG[2] (compute-mfcc-feats[5.5.1168~1-01aad]:main():compute-mfcc-feats.cc:182) Processed features for key m1_434
VLOG[2] (compute-mfcc-feats[5.5.1168~1-01aad]:main():compute-mfcc-feats.cc:182) Processed features for key m1_435
VLOG[2] (compute-mfcc-feats[5.5.1168~1-01aad]:main():compute-mfcc-feats.cc:182) Processed features for key m1_437
VLOG[2] (compute-mfcc-feats[5.5.1168~1-01aad]:main():compute-mfcc-feats.cc:182) Processed features for key m1_438
LOG (compute-mfcc-feats[5.5.1168~1-01aad]:main():compute-mfcc-feats.cc:181) Processed 50 utterances
VLOG[2] (compute-mfcc-feats[5.5.1168~1-01aad]:main():compute-mfcc-feats.cc:182) Processed features for key m1_439
VLOG[2] (compute-mfcc-feats[5.5.1168~1-01aad]:main():compute-mfcc-feats.cc:182) Processed features for key m1_440
VLOG[2] (compute-mfcc-feats[5.5.1168~1-01aad]:main():compute-mfcc-feats.cc:182) Processed features for key m1_442
VLOG[2] (compute-mfcc-feats[5.5.1168~1-01aad]:main():compute-mfcc-feats.cc:182) Processed features for key m1_443
VLOG[2] (compute-mfcc-feats[5.5.1168~1-01aad]:main():compute-mfcc-feats.cc:182) Processed features for key m1_445
VLOG[2] (compute-mfcc-feats[5.5.1168~1-01aad]:main():compute-mfcc-feats.cc:182) Processed features for key m1_447
VLOG[2] (compute-mfcc-feats[5.5.1168~1-01aad]:main():compute-mfcc-feats.cc:182) Processed features for key m1_448
VLOG[2] (compute-mfcc-feats[5.5.1168~1-01aad]:main():compute-mfcc-feats.cc:182) Processed features for key m1_449
VLOG[2] (compute-mfcc-feats[5.5.1168~1-01aad]:main():compute-mfcc-feats.cc:182) Processed features for key m1_450
VLOG[2] (compute-mfcc-feats[5.5.1168~1-01aad]:main():compute-mfcc-feats.cc:182) Processed features for key m1_452
LOG (compute-mfcc-feats[5.5.1168~1-01aad]:main():compute-mfcc-feats.cc:181) Processed 60 utterances
VLOG[2] (compute-mfcc-feats[5.5.1168~1-01aad]:main():compute-mfcc-feats.cc:182) Processed features for key m1_453
VLOG[2] (compute-mfcc-feats[5.5.1168~1-01aad]:main():compute-mfcc-feats.cc:182) Processed features for key m1_454
VLOG[2] (compute-mfcc-feats[5.5.1168~1-01aad]:main():compute-mfcc-feats.cc:182) Processed features for key m1_455
VLOG[2] (compute-mfcc-feats[5.5.1168~1-01aad]:main():compute-mfcc-feats.cc:182) Processed features for key m1_458
VLOG[2] (compute-mfcc-feats[5.5.1168~1-01aad]:main():compute-mfcc-feats.cc:182) Processed features for key m1_459
VLOG[2] (compute-mfcc-feats[5.5.1168~1-01aad]:main():compute-mfcc-feats.cc:182) Processed features for key m1_460
VLOG[2] (compute-mfcc-feats[5.5.1168~1-01aad]:main():compute-mfcc-feats.cc:182) Processed features for key m3_003
VLOG[2] (compute-mfcc-feats[5.5.1168~1-01aad]:main():compute-mfcc-feats.cc:182) Processed features for key m3_004
VLOG[2] (compute-mfcc-feats[5.5.1168~1-01aad]:main():compute-mfcc-feats.cc:182) Processed features for key m3_005
VLOG[2] (compute-mfcc-feats[5.5.1168~1-01aad]:main():compute-mfcc-feats.cc:182) Processed features for key m3_007
LOG (compute-mfcc-feats[5.5.1168~1-01aad]:main():compute-mfcc-feats.cc:181) Processed 70 utterances
VLOG[2] (compute-mfcc-feats[5.5.1168~1-01aad]:main():compute-mfcc-feats.cc:182) Processed features for key m3_008
VLOG[2] (compute-mfcc-feats[5.5.1168~1-01aad]:main():compute-mfcc-feats.cc:182) Processed features for key m3_009
VLOG[2] (compute-mfcc-feats[5.5.1168~1-01aad]:main():compute-mfcc-feats.cc:182) Processed features for key m3_010
VLOG[2] (compute-mfcc-feats[5.5.1168~1-01aad]:main():compute-mfcc-feats.cc:182) Processed features for key m3_012
VLOG[2] (compute-mfcc-feats[5.5.1168~1-01aad]:main():compute-mfcc-feats.cc:182) Processed features for key m3_013
VLOG[2] (compute-mfcc-feats[5.5.1168~1-01aad]:main():compute-mfcc-feats.cc:182) Processed features for key m3_015
VLOG[2] (compute-mfcc-feats[5.5.1168~1-01aad]:main():compute-mfcc-feats.cc:182) Processed features for key m3_017
VLOG[2] (compute-mfcc-feats[5.5.1168~1-01aad]:main():compute-mfcc-feats.cc:182) Processed features for key m3_018
VLOG[2] (compute-mfcc-feats[5.5.1168~1-01aad]:main():compute-mfcc-feats.cc:182) Processed features for key m3_019
VLOG[2] (compute-mfcc-feats[5.5.1168~1-01aad]:main():compute-mfcc-feats.cc:182) Processed features for key m3_020
LOG (compute-mfcc-feats[5.5.1168~1-01aad]:main():compute-mfcc-feats.cc:181) Processed 80 utterances
VLOG[2] (compute-mfcc-feats[5.5.1168~1-01aad]:main():compute-mfcc-feats.cc:182) Processed features for key m3_022
VLOG[2] (compute-mfcc-feats[5.5.1168~1-01aad]:main():compute-mfcc-feats.cc:182) Processed features for key m3_023
VLOG[2] (compute-mfcc-feats[5.5.1168~1-01aad]:main():compute-mfcc-feats.cc:182) Processed features for key m3_024
VLOG[2] (compute-mfcc-feats[5.5.1168~1-01aad]:main():compute-mfcc-feats.cc:182) Processed features for key m3_025
VLOG[2] (compute-mfcc-feats[5.5.1168~1-01aad]:main():compute-mfcc-feats.cc:182) Processed features for key m3_028
VLOG[2] (compute-mfcc-feats[5.5.1168~1-01aad]:main():compute-mfcc-feats.cc:182) Processed features for key m3_029
VLOG[2] (compute-mfcc-feats[5.5.1168~1-01aad]:main():compute-mfcc-feats.cc:182) Processed features for key m3_030
VLOG[2] (compute-mfcc-feats[5.5.1168~1-01aad]:main():compute-mfcc-feats.cc:182) Processed features for key m3_032
VLOG[2] (compute-mfcc-feats[5.5.1168~1-01aad]:main():compute-mfcc-feats.cc:182) Processed features for key m3_033
VLOG[2] (compute-mfcc-feats[5.5.1168~1-01aad]:main():compute-mfcc-feats.cc:182) Processed features for key m3_034
LOG (compute-mfcc-feats[5.5.1168~1-01aad]:main():compute-mfcc-feats.cc:181) Processed 90 utterances
VLOG[2] (compute-mfcc-feats[5.5.1168~1-01aad]:main():compute-mfcc-feats.cc:182) Processed features for key m3_035
VLOG[2] (compute-mfcc-feats[5.5.1168~1-01aad]:main():compute-mfcc-feats.cc:182) Processed features for key m3_037
VLOG[2] (compute-mfcc-feats[5.5.1168~1-01aad]:main():compute-mfcc-feats.cc:182) Processed features for key m3_038
VLOG[2] (compute-mfcc-feats[5.5.1168~1-01aad]:main():compute-mfcc-feats.cc:182) Processed features for key m3_040
VLOG[2] (compute-mfcc-feats[5.5.1168~1-01aad]:main():compute-mfcc-feats.cc:182) Processed features for key m3_042
VLOG[2] (compute-mfcc-feats[5.5.1168~1-01aad]:main():compute-mfcc-feats.cc:182) Processed features for key m3_043
VLOG[2] (compute-mfcc-feats[5.5.1168~1-01aad]:main():compute-mfcc-feats.cc:182) Processed features for key m3_044
VLOG[2] (compute-mfcc-feats[5.5.1168~1-01aad]:main():compute-mfcc-feats.cc:182) Processed features for key m3_045
VLOG[2] (compute-mfcc-feats[5.5.1168~1-01aad]:main():compute-mfcc-feats.cc:182) Processed features for key m3_047
VLOG[2] (compute-mfcc-feats[5.5.1168~1-01aad]:main():compute-mfcc-feats.cc:182) Processed features for key m3_048
LOG (compute-mfcc-feats[5.5.1168~1-01aad]:main():compute-mfcc-feats.cc:181) Processed 100 utterances
VLOG[2] (compute-mfcc-feats[5.5.1168~1-01aad]:main():compute-mfcc-feats.cc:182) Processed features for key m3_049
VLOG[2] (compute-mfcc-feats[5.5.1168~1-01aad]:main():compute-mfcc-feats.cc:182) Processed features for key m3_050
VLOG[2] (compute-mfcc-feats[5.5.1168~1-01aad]:main():compute-mfcc-feats.cc:182) Processed features for key m3_053
VLOG[2] (compute-mfcc-feats[5.5.1168~1-01aad]:main():compute-mfcc-feats.cc:182) Processed features for key m3_054
VLOG[2] (compute-mfcc-feats[5.5.1168~1-01aad]:main():compute-mfcc-feats.cc:182) Processed features for key m3_055
VLOG[2] (compute-mfcc-feats[5.5.1168~1-01aad]:main():compute-mfcc-feats.cc:182) Processed features for key m3_057
VLOG[2] (compute-mfcc-feats[5.5.1168~1-01aad]:main():compute-mfcc-feats.cc:182) Processed features for key m3_058
VLOG[2] (compute-mfcc-feats[5.5.1168~1-01aad]:main():compute-mfcc-feats.cc:182) Processed features for key m3_059
VLOG[2] (compute-mfcc-feats[5.5.1168~1-01aad]:main():compute-mfcc-feats.cc:182) Processed features for key m3_060
VLOG[2] (compute-mfcc-feats[5.5.1168~1-01aad]:main():compute-mfcc-feats.cc:182) Processed features for key m3_062
LOG (compute-mfcc-feats[5.5.1168~1-01aad]:main():compute-mfcc-feats.cc:181) Processed 110 utterances
VLOG[2] (compute-mfcc-feats[5.5.1168~1-01aad]:main():compute-mfcc-feats.cc:182) Processed features for key m3_063
VLOG[2] (compute-mfcc-feats[5.5.1168~1-01aad]:main():compute-mfcc-feats.cc:182) Processed features for key m3_065
VLOG[2] (compute-mfcc-feats[5.5.1168~1-01aad]:main():compute-mfcc-feats.cc:182) Processed features for key m3_067
VLOG[2] (compute-mfcc-feats[5.5.1168~1-01aad]:main():compute-mfcc-feats.cc:182) Processed features for key m3_068
VLOG[2] (compute-mfcc-feats[5.5.1168~1-01aad]:main():compute-mfcc-feats.cc:182) Processed features for key m3_069
VLOG[2] (compute-mfcc-feats[5.5.1168~1-01aad]:main():compute-mfcc-feats.cc:182) Processed features for key m3_070
VLOG[2] (compute-mfcc-feats[5.5.1168~1-01aad]:main():compute-mfcc-feats.cc:182) Processed features for key m3_072
VLOG[2] (compute-mfcc-feats[5.5.1168~1-01aad]:main():compute-mfcc-feats.cc:182) Processed features for key m3_073
VLOG[2] (compute-mfcc-feats[5.5.1168~1-01aad]:main():compute-mfcc-feats.cc:182) Processed features for key m3_074
VLOG[2] (compute-mfcc-feats[5.5.1168~1-01aad]:main():compute-mfcc-feats.cc:182) Processed features for key m3_075
LOG (compute-mfcc-feats[5.5.1168~1-01aad]:main():compute-mfcc-feats.cc:181) Processed 120 utterances
VLOG[2] (compute-mfcc-feats[5.5.1168~1-01aad]:main():compute-mfcc-feats.cc:182) Processed features for key m3_078
VLOG[2] (compute-mfcc-feats[5.5.1168~1-01aad]:main():compute-mfcc-feats.cc:182) Processed features for key m3_079
VLOG[2] (compute-mfcc-feats[5.5.1168~1-01aad]:main():compute-mfcc-feats.cc:182) Processed features for key m3_080
VLOG[2] (compute-mfcc-feats[5.5.1168~1-01aad]:main():compute-mfcc-feats.cc:182) Processed features for key m3_082
VLOG[2] (compute-mfcc-feats[5.5.1168~1-01aad]:main():compute-mfcc-feats.cc:182) Processed features for key m3_083
VLOG[2] (compute-mfcc-feats[5.5.1168~1-01aad]:main():compute-mfcc-feats.cc:182) Processed features for key m3_084
VLOG[2] (compute-mfcc-feats[5.5.1168~1-01aad]:main():compute-mfcc-feats.cc:182) Processed features for key m3_085
VLOG[2] (compute-mfcc-feats[5.5.1168~1-01aad]:main():compute-mfcc-feats.cc:182) Processed features for key m3_087
VLOG[2] (compute-mfcc-feats[5.5.1168~1-01aad]:main():compute-mfcc-feats.cc:182) Processed features for key m3_088
VLOG[2] (compute-mfcc-feats[5.5.1168~1-01aad]:main():compute-mfcc-feats.cc:182) Processed features for key m3_090
LOG (compute-mfcc-feats[5.5.1168~1-01aad]:main():compute-mfcc-feats.cc:181) Processed 130 utterances
VLOG[2] (compute-mfcc-feats[5.5.1168~1-01aad]:main():compute-mfcc-feats.cc:182) Processed features for key m3_092
VLOG[2] (compute-mfcc-feats[5.5.1168~1-01aad]:main():compute-mfcc-feats.cc:182) Processed features for key m3_093
VLOG[2] (compute-mfcc-feats[5.5.1168~1-01aad]:main():compute-mfcc-feats.cc:182) Processed features for key m3_094
LOG (compute-mfcc-feats[5.5.1168~1-01aad]:main():compute-mfcc-feats.cc:185)  Done 132 out of 132 utterances.
LOG (copy-feats[5.5.1168~1-01aad]:main():copy-feats.cc:143) Copied 132 feature matrices.
# Accounting: time=5 threads=1
# Ended (code 0) at Wed Apr  2 15:53:24 EEST 2025, elapsed time 5 seconds
